=== FINAL MASSIVE TEST — 1000000 entries × 50 runs ===
Using store.clear() — fastest, most realistic reuse

Run  1 / 50
[VERIFY] ALL 1000000 ENTRIES STRUCTURALLY PERFECT — UNIQUE PAIRS, FULL COVERAGE
PASS —    84148 µs →  11883824 ops/sec

Run  2 / 50
[VERIFY] ALL 1000000 ENTRIES STRUCTURALLY PERFECT — UNIQUE PAIRS, FULL COVERAGE
PASS —    73990 µs →  13515340 ops/sec

Run  3 / 50
[VERIFY] ALL 1000000 ENTRIES STRUCTURALLY PERFECT — UNIQUE PAIRS, FULL COVERAGE
PASS —    73425 µs →  13619339 ops/sec

Run  4 / 50
[VERIFY] ALL 1000000 ENTRIES STRUCTURALLY PERFECT — UNIQUE PAIRS, FULL COVERAGE
PASS —    74006 µs →  13512418 ops/sec

Run  5 / 50
[VERIFY] ALL 1000000 ENTRIES STRUCTURALLY PERFECT — UNIQUE PAIRS, FULL COVERAGE
PASS —    74988 µs →  13335467 ops/sec

Run  6 / 50
[VERIFY] ALL 1000000 ENTRIES STRUCTURALLY PERFECT — UNIQUE PAIRS, FULL COVERAGE
PASS —    74946 µs →  13342940 ops/sec

Run  7 / 50
[VERIFY] ALL 1000000 ENTRIES STRUCTURALLY PERFECT — UNIQUE PAIRS, FULL COVERAGE
PASS —    71916 µs →  13905112 ops/sec

Run  8 / 50
[VERIFY] ALL 1000000 ENTRIES STRUCTURALLY PERFECT — UNIQUE PAIRS, FULL COVERAGE
PASS —    73779 µs →  13553992 ops/sec

Run  9 / 50
[VERIFY] ALL 1000000 ENTRIES STRUCTURALLY PERFECT — UNIQUE PAIRS, FULL COVERAGE
PASS —    76255 µs →  13113894 ops/sec

Run 10 / 50
[VERIFY] ALL 1000000 ENTRIES STRUCTURALLY PERFECT — UNIQUE PAIRS, FULL COVERAGE
PASS —    73496 µs →  13606183 ops/sec

Run 11 / 50
[VERIFY] ALL 1000000 ENTRIES STRUCTURALLY PERFECT — UNIQUE PAIRS, FULL COVERAGE
PASS —    72734 µs →  13748728 ops/sec

Run 12 / 50
[VERIFY] ALL 1000000 ENTRIES STRUCTURALLY PERFECT — UNIQUE PAIRS, FULL COVERAGE
PASS —    72789 µs →  13738340 ops/sec

Run 13 / 50
[VERIFY] ALL 1000000 ENTRIES STRUCTURALLY PERFECT — UNIQUE PAIRS, FULL COVERAGE
PASS —    71929 µs →  13902598 ops/sec

Run 14 / 50
[VERIFY] ALL 1000000 ENTRIES STRUCTURALLY PERFECT — UNIQUE PAIRS, FULL COVERAGE
PASS —    70878 µs →  14108750 ops/sec

Run 15 / 50
[VERIFY] ALL 1000000 ENTRIES STRUCTURALLY PERFECT — UNIQUE PAIRS, FULL COVERAGE
PASS —    72300 µs →  13831259 ops/sec

Run 16 / 50
[VERIFY] ALL 1000000 ENTRIES STRUCTURALLY PERFECT — UNIQUE PAIRS, FULL COVERAGE
PASS —    75822 µs →  13188784 ops/sec

Run 17 / 50
[VERIFY] ALL 1000000 ENTRIES STRUCTURALLY PERFECT — UNIQUE PAIRS, FULL COVERAGE
PASS —    75219 µs →  13294513 ops/sec

Run 18 / 50
[VERIFY] ALL 1000000 ENTRIES STRUCTURALLY PERFECT — UNIQUE PAIRS, FULL COVERAGE
PASS —    74270 µs →  13464387 ops/sec

Run 19 / 50
[VERIFY] ALL 1000000 ENTRIES STRUCTURALLY PERFECT — UNIQUE PAIRS, FULL COVERAGE
PASS —    73029 µs →  13693190 ops/sec

Run 20 / 50
[VERIFY] ALL 1000000 ENTRIES STRUCTURALLY PERFECT — UNIQUE PAIRS, FULL COVERAGE
PASS —    70637 µs →  14156887 ops/sec

Run 21 / 50
[VERIFY] ALL 1000000 ENTRIES STRUCTURALLY PERFECT — UNIQUE PAIRS, FULL COVERAGE
PASS —    73763 µs →  13556932 ops/sec

Run 22 / 50
[VERIFY] ALL 1000000 ENTRIES STRUCTURALLY PERFECT — UNIQUE PAIRS, FULL COVERAGE
PASS —    71405 µs →  14004622 ops/sec

Run 23 / 50
[VERIFY] ALL 1000000 ENTRIES STRUCTURALLY PERFECT — UNIQUE PAIRS, FULL COVERAGE
PASS —    72321 µs →  13827242 ops/sec

Run 24 / 50
[VERIFY] ALL 1000000 ENTRIES STRUCTURALLY PERFECT — UNIQUE PAIRS, FULL COVERAGE
PASS —    73086 µs →  13682511 ops/sec

Run 25 / 50
[VERIFY] ALL 1000000 ENTRIES STRUCTURALLY PERFECT — UNIQUE PAIRS, FULL COVERAGE
PASS —    71359 µs →  14013649 ops/sec

Run 26 / 50
[VERIFY] ALL 1000000 ENTRIES STRUCTURALLY PERFECT — UNIQUE PAIRS, FULL COVERAGE
PASS —    74845 µs →  13360946 ops/sec

Run 27 / 50
[VERIFY] ALL 1000000 ENTRIES STRUCTURALLY PERFECT — UNIQUE PAIRS, FULL COVERAGE
PASS —    74209 µs →  13475454 ops/sec

Run 28 / 50
[VERIFY] ALL 1000000 ENTRIES STRUCTURALLY PERFECT — UNIQUE PAIRS, FULL COVERAGE
PASS —    70976 µs →  14089270 ops/sec

Run 29 / 50
[VERIFY] ALL 1000000 ENTRIES STRUCTURALLY PERFECT — UNIQUE PAIRS, FULL COVERAGE
PASS —    73241 µs →  13653555 ops/sec

Run 30 / 50
[VERIFY] ALL 1000000 ENTRIES STRUCTURALLY PERFECT — UNIQUE PAIRS, FULL COVERAGE
PASS —    71952 µs →  13898154 ops/sec

Run 31 / 50
[VERIFY] ALL 1000000 ENTRIES STRUCTURALLY PERFECT — UNIQUE PAIRS, FULL COVERAGE
PASS —    72144 µs →  13861167 ops/sec

Run 32 / 50
[VERIFY] ALL 1000000 ENTRIES STRUCTURALLY PERFECT — UNIQUE PAIRS, FULL COVERAGE
PASS —    75120 µs →  13312034 ops/sec

Run 33 / 50
[VERIFY] ALL 1000000 ENTRIES STRUCTURALLY PERFECT — UNIQUE PAIRS, FULL COVERAGE
PASS —    72329 µs →  13825713 ops/sec

Run 34 / 50
[VERIFY] ALL 1000000 ENTRIES STRUCTURALLY PERFECT — UNIQUE PAIRS, FULL COVERAGE
PASS —    75247 µs →  13289566 ops/sec

Run 35 / 50
[VERIFY] ALL 1000000 ENTRIES STRUCTURALLY PERFECT — UNIQUE PAIRS, FULL COVERAGE
PASS —    73021 µs →  13694691 ops/sec

Run 36 / 50
[VERIFY] ALL 1000000 ENTRIES STRUCTURALLY PERFECT — UNIQUE PAIRS, FULL COVERAGE
PASS —    73242 µs →  13653368 ops/sec

Run 37 / 50
[VERIFY] ALL 1000000 ENTRIES STRUCTURALLY PERFECT — UNIQUE PAIRS, FULL COVERAGE
PASS —    72825 µs →  13731548 ops/sec

Run 38 / 50
[VERIFY] ALL 1000000 ENTRIES STRUCTURALLY PERFECT — UNIQUE PAIRS, FULL COVERAGE
PASS —    75841 µs →  13185480 ops/sec

Run 39 / 50
[VERIFY] ALL 1000000 ENTRIES STRUCTURALLY PERFECT — UNIQUE PAIRS, FULL COVERAGE
PASS —    76033 µs →  13152184 ops/sec

Run 40 / 50
[VERIFY] ALL 1000000 ENTRIES STRUCTURALLY PERFECT — UNIQUE PAIRS, FULL COVERAGE
PASS —    72105 µs →  13868664 ops/sec

Run 41 / 50
[VERIFY] ALL 1000000 ENTRIES STRUCTURALLY PERFECT — UNIQUE PAIRS, FULL COVERAGE
PASS —    72256 µs →  13839681 ops/sec

Run 42 / 50
[VERIFY] ALL 1000000 ENTRIES STRUCTURALLY PERFECT — UNIQUE PAIRS, FULL COVERAGE
PASS —    73671 µs →  13573862 ops/sec

Run 43 / 50
[VERIFY] ALL 1000000 ENTRIES STRUCTURALLY PERFECT — UNIQUE PAIRS, FULL COVERAGE
PASS —    73047 µs →  13689816 ops/sec

Run 44 / 50
[VERIFY] ALL 1000000 ENTRIES STRUCTURALLY PERFECT — UNIQUE PAIRS, FULL COVERAGE
PASS —    73627 µs →  13581974 ops/sec

Run 45 / 50
[VERIFY] ALL 1000000 ENTRIES STRUCTURALLY PERFECT — UNIQUE PAIRS, FULL COVERAGE
PASS —    75675 µs →  13214404 ops/sec

Run 46 / 50
[VERIFY] ALL 1000000 ENTRIES STRUCTURALLY PERFECT — UNIQUE PAIRS, FULL COVERAGE
PASS —    73580 µs →  13590650 ops/sec

Run 47 / 50
[VERIFY] ALL 1000000 ENTRIES STRUCTURALLY PERFECT — UNIQUE PAIRS, FULL COVERAGE
PASS —    71780 µs →  13931457 ops/sec

Run 48 / 50
[VERIFY] ALL 1000000 ENTRIES STRUCTURALLY PERFECT — UNIQUE PAIRS, FULL COVERAGE
PASS —    73450 µs →  13614704 ops/sec

Run 49 / 50
[VERIFY] ALL 1000000 ENTRIES STRUCTURALLY PERFECT — UNIQUE PAIRS, FULL COVERAGE
PASS —    72534 µs →  13786638 ops/sec

Run 50 / 50
[VERIFY] ALL 1000000 ENTRIES STRUCTURALLY PERFECT — UNIQUE PAIRS, FULL COVERAGE
PASS —    74444 µs →  13432916 ops/sec


═══════════════════════════════════════════════════════════════
               FINAL RESULT — 50-RUN STATISTICS            
═══════════════════════════════════════════════════════════════
  Fastest run        :     70637 µs  →   14156887 ops/sec
  Slowest run        :     84148 µs  →   11883824 ops/sec
  Average            :     73594 µs  →   13588123 ops/sec
  (1000000 events per run, 100% verified, zero corruption)
═══════════════════════════════════════════════════════════════
=== TEST PASSED BY RUNNER ===
