=== FINAL MASSIVE TEST — 1000000 entries × 50 runs ===
Using store.clear() — fastest, most realistic reuse

Run  1 / 50
[VERIFY] ALL 1000000 ENTRIES STRUCTURALLY PERFECT — UNIQUE PAIRS, FULL COVERAGE
PASS —    68860 µs →  14522219 ops/sec

Run  2 / 50
[VERIFY] ALL 1000000 ENTRIES STRUCTURALLY PERFECT — UNIQUE PAIRS, FULL COVERAGE
PASS —    61694 µs →  16209032 ops/sec

Run  3 / 50
[VERIFY] ALL 1000000 ENTRIES STRUCTURALLY PERFECT — UNIQUE PAIRS, FULL COVERAGE
PASS —    62236 µs →  16067871 ops/sec

Run  4 / 50
[VERIFY] ALL 1000000 ENTRIES STRUCTURALLY PERFECT — UNIQUE PAIRS, FULL COVERAGE
PASS —    62020 µs →  16123831 ops/sec

Run  5 / 50
[VERIFY] ALL 1000000 ENTRIES STRUCTURALLY PERFECT — UNIQUE PAIRS, FULL COVERAGE
PASS —    60079 µs →  16644751 ops/sec

Run  6 / 50
[VERIFY] ALL 1000000 ENTRIES STRUCTURALLY PERFECT — UNIQUE PAIRS, FULL COVERAGE
PASS —    61103 µs →  16365809 ops/sec

Run  7 / 50
[VERIFY] ALL 1000000 ENTRIES STRUCTURALLY PERFECT — UNIQUE PAIRS, FULL COVERAGE
PASS —    59274 µs →  16870803 ops/sec

Run  8 / 50
[VERIFY] ALL 1000000 ENTRIES STRUCTURALLY PERFECT — UNIQUE PAIRS, FULL COVERAGE
PASS —    60344 µs →  16571656 ops/sec

Run  9 / 50
[VERIFY] ALL 1000000 ENTRIES STRUCTURALLY PERFECT — UNIQUE PAIRS, FULL COVERAGE
PASS —    59623 µs →  16772051 ops/sec

Run 10 / 50
[VERIFY] ALL 1000000 ENTRIES STRUCTURALLY PERFECT — UNIQUE PAIRS, FULL COVERAGE
PASS —    59331 µs →  16854595 ops/sec

Run 11 / 50
[VERIFY] ALL 1000000 ENTRIES STRUCTURALLY PERFECT — UNIQUE PAIRS, FULL COVERAGE
PASS —    60412 µs →  16553003 ops/sec

Run 12 / 50
[VERIFY] ALL 1000000 ENTRIES STRUCTURALLY PERFECT — UNIQUE PAIRS, FULL COVERAGE
PASS —    58512 µs →  17090511 ops/sec

Run 13 / 50
[VERIFY] ALL 1000000 ENTRIES STRUCTURALLY PERFECT — UNIQUE PAIRS, FULL COVERAGE
PASS —    58065 µs →  17222079 ops/sec

Run 14 / 50
[VERIFY] ALL 1000000 ENTRIES STRUCTURALLY PERFECT — UNIQUE PAIRS, FULL COVERAGE
PASS —    59714 µs →  16746492 ops/sec

Run 15 / 50
[VERIFY] ALL 1000000 ENTRIES STRUCTURALLY PERFECT — UNIQUE PAIRS, FULL COVERAGE
PASS —    59898 µs →  16695048 ops/sec

Run 16 / 50
[VERIFY] ALL 1000000 ENTRIES STRUCTURALLY PERFECT — UNIQUE PAIRS, FULL COVERAGE
PASS —    59741 µs →  16738923 ops/sec

Run 17 / 50
[VERIFY] ALL 1000000 ENTRIES STRUCTURALLY PERFECT — UNIQUE PAIRS, FULL COVERAGE
PASS —    60511 µs →  16525921 ops/sec

Run 18 / 50
[VERIFY] ALL 1000000 ENTRIES STRUCTURALLY PERFECT — UNIQUE PAIRS, FULL COVERAGE
PASS —    63263 µs →  15807028 ops/sec

Run 19 / 50
[VERIFY] ALL 1000000 ENTRIES STRUCTURALLY PERFECT — UNIQUE PAIRS, FULL COVERAGE
PASS —    61206 µs →  16338267 ops/sec

Run 20 / 50
[VERIFY] ALL 1000000 ENTRIES STRUCTURALLY PERFECT — UNIQUE PAIRS, FULL COVERAGE
PASS —    59543 µs →  16794585 ops/sec

Run 21 / 50
[VERIFY] ALL 1000000 ENTRIES STRUCTURALLY PERFECT — UNIQUE PAIRS, FULL COVERAGE
PASS —    58750 µs →  17021277 ops/sec

Run 22 / 50
[VERIFY] ALL 1000000 ENTRIES STRUCTURALLY PERFECT — UNIQUE PAIRS, FULL COVERAGE
PASS —    58321 µs →  17146482 ops/sec

Run 23 / 50
[VERIFY] ALL 1000000 ENTRIES STRUCTURALLY PERFECT — UNIQUE PAIRS, FULL COVERAGE
PASS —    59790 µs →  16725205 ops/sec

Run 24 / 50
[VERIFY] ALL 1000000 ENTRIES STRUCTURALLY PERFECT — UNIQUE PAIRS, FULL COVERAGE
PASS —    58576 µs →  17071838 ops/sec

Run 25 / 50
[VERIFY] ALL 1000000 ENTRIES STRUCTURALLY PERFECT — UNIQUE PAIRS, FULL COVERAGE
PASS —    57944 µs →  17258042 ops/sec

Run 26 / 50
[VERIFY] ALL 1000000 ENTRIES STRUCTURALLY PERFECT — UNIQUE PAIRS, FULL COVERAGE
PASS —    59878 µs →  16700625 ops/sec

Run 27 / 50
[VERIFY] ALL 1000000 ENTRIES STRUCTURALLY PERFECT — UNIQUE PAIRS, FULL COVERAGE
PASS —    60684 µs →  16478808 ops/sec

Run 28 / 50
[VERIFY] ALL 1000000 ENTRIES STRUCTURALLY PERFECT — UNIQUE PAIRS, FULL COVERAGE
PASS —    61584 µs →  16237984 ops/sec

Run 29 / 50
[VERIFY] ALL 1000000 ENTRIES STRUCTURALLY PERFECT — UNIQUE PAIRS, FULL COVERAGE
PASS —    58168 µs →  17191583 ops/sec

Run 30 / 50
[VERIFY] ALL 1000000 ENTRIES STRUCTURALLY PERFECT — UNIQUE PAIRS, FULL COVERAGE
PASS —    57886 µs →  17275334 ops/sec

Run 31 / 50
[VERIFY] ALL 1000000 ENTRIES STRUCTURALLY PERFECT — UNIQUE PAIRS, FULL COVERAGE
PASS —    58405 µs →  17121822 ops/sec

Run 32 / 50
[VERIFY] ALL 1000000 ENTRIES STRUCTURALLY PERFECT — UNIQUE PAIRS, FULL COVERAGE
PASS —    59258 µs →  16875359 ops/sec

Run 33 / 50
[VERIFY] ALL 1000000 ENTRIES STRUCTURALLY PERFECT — UNIQUE PAIRS, FULL COVERAGE
PASS —    57810 µs →  17298045 ops/sec

Run 34 / 50
[VERIFY] ALL 1000000 ENTRIES STRUCTURALLY PERFECT — UNIQUE PAIRS, FULL COVERAGE
PASS —    59749 µs →  16736682 ops/sec

Run 35 / 50
[VERIFY] ALL 1000000 ENTRIES STRUCTURALLY PERFECT — UNIQUE PAIRS, FULL COVERAGE
PASS —    61354 µs →  16298856 ops/sec

Run 36 / 50
[VERIFY] ALL 1000000 ENTRIES STRUCTURALLY PERFECT — UNIQUE PAIRS, FULL COVERAGE
PASS —    61454 µs →  16272334 ops/sec

Run 37 / 50
[VERIFY] ALL 1000000 ENTRIES STRUCTURALLY PERFECT — UNIQUE PAIRS, FULL COVERAGE
PASS —    58867 µs →  16987446 ops/sec

Run 38 / 50
[VERIFY] ALL 1000000 ENTRIES STRUCTURALLY PERFECT — UNIQUE PAIRS, FULL COVERAGE
PASS —    58895 µs →  16979370 ops/sec

Run 39 / 50
[VERIFY] ALL 1000000 ENTRIES STRUCTURALLY PERFECT — UNIQUE PAIRS, FULL COVERAGE
PASS —    59436 µs →  16824820 ops/sec

Run 40 / 50
[VERIFY] ALL 1000000 ENTRIES STRUCTURALLY PERFECT — UNIQUE PAIRS, FULL COVERAGE
PASS —    60039 µs →  16655840 ops/sec

Run 41 / 50
[VERIFY] ALL 1000000 ENTRIES STRUCTURALLY PERFECT — UNIQUE PAIRS, FULL COVERAGE
PASS —    58306 µs →  17150894 ops/sec

Run 42 / 50
[VERIFY] ALL 1000000 ENTRIES STRUCTURALLY PERFECT — UNIQUE PAIRS, FULL COVERAGE
PASS —    59217 µs →  16887043 ops/sec

Run 43 / 50
[VERIFY] ALL 1000000 ENTRIES STRUCTURALLY PERFECT — UNIQUE PAIRS, FULL COVERAGE
PASS —    59692 µs →  16752664 ops/sec

Run 44 / 50
[VERIFY] ALL 1000000 ENTRIES STRUCTURALLY PERFECT — UNIQUE PAIRS, FULL COVERAGE
PASS —    58970 µs →  16957775 ops/sec

Run 45 / 50
[VERIFY] ALL 1000000 ENTRIES STRUCTURALLY PERFECT — UNIQUE PAIRS, FULL COVERAGE
PASS —    58382 µs →  17128567 ops/sec

Run 46 / 50
[VERIFY] ALL 1000000 ENTRIES STRUCTURALLY PERFECT — UNIQUE PAIRS, FULL COVERAGE
PASS —    59535 µs →  16796842 ops/sec

Run 47 / 50
[VERIFY] ALL 1000000 ENTRIES STRUCTURALLY PERFECT — UNIQUE PAIRS, FULL COVERAGE
PASS —    60271 µs →  16591727 ops/sec

Run 48 / 50
[VERIFY] ALL 1000000 ENTRIES STRUCTURALLY PERFECT — UNIQUE PAIRS, FULL COVERAGE
PASS —    59147 µs →  16907028 ops/sec

Run 49 / 50
[VERIFY] ALL 1000000 ENTRIES STRUCTURALLY PERFECT — UNIQUE PAIRS, FULL COVERAGE
PASS —    60292 µs →  16585948 ops/sec

Run 50 / 50
[VERIFY] ALL 1000000 ENTRIES STRUCTURALLY PERFECT — UNIQUE PAIRS, FULL COVERAGE
PASS —    58865 µs →  16988023 ops/sec


═══════════════════════════════════════════════════════════════
               FINAL RESULT — 50-RUN STATISTICS            
═══════════════════════════════════════════════════════════════
  Fastest run        :     57810 µs  →   17298045 ops/sec
  Slowest run        :     68860 µs  →   14522219 ops/sec
  Average            :     59899 µs  →   16694747 ops/sec
  (1000000 events per run, 100% verified, zero corruption)
═══════════════════════════════════════════════════════════════
=== TEST PASSED BY RUNNER ===
