=== ts_store — Simple Test 001 TS -- Equivalent to MultiThread Hello World  ===

[VERIFY] ALL 64 ENTRIES STRUCTURALLY PERFECT — UNIQUE PAIRS, FULL COVERAGE
[TEST-VERIFY] TEST PAYLOADS VALID  ID:0  Thread_ID:5  Event_ID:0 
                  Actual   Len(26): Not Set, default payload 😎
                  Expected Len(26): Not Set, default payload 😎
[TEST-VERIFY] TEST PAYLOADS VALID  ID:1  Thread_ID:5  Event_ID:1 
                  Actual   Len(26): Trace processing request 😎
                  Expected Len(26): Trace processing request 😎
[TEST-VERIFY] TEST PAYLOADS VALID  ID:2  Thread_ID:5  Event_ID:2 
                  Actual   Len(26): Debug processing request 😎
                  Expected Len(26): Debug processing request 😎
[TEST-VERIFY] TEST PAYLOADS VALID  ID:3  Thread_ID:2  Event_ID:0 
                  Actual   Len(26): Not Set, default payload 😎
                  Expected Len(26): Not Set, default payload 😎
[TEST-VERIFY] TEST PAYLOADS VALID  ID:4  Thread_ID:5  Event_ID:3 
                  Actual   Len(25): Info processing request 😊
                  Expected Len(25): Info processing request 😊
[TEST-VERIFY] TEST PAYLOADS VALID  ID:5  Thread_ID:5  Event_ID:4 
                  Actual   Len(36): Warning in processing notification 😕
                  Expected Len(36): Warning in processing notification 😕
[TEST-VERIFY] TEST PAYLOADS VALID  ID:6  Thread_ID:5  Event_ID:5 
                  Actual   Len(34): Error in processing notification 😣
                  Expected Len(34): Error in processing notification 😣
[TEST-VERIFY] TEST PAYLOADS VALID  ID:7  Thread_ID:2  Event_ID:1 
                  Actual   Len(26): Trace processing request 😎
                  Expected Len(26): Trace processing request 😎
[TEST-VERIFY] TEST PAYLOADS VALID  ID:8  Thread_ID:5  Event_ID:6 
                  Actual   Len(29): Critical processing request 😣
                  Expected Len(29): Critical processing request 😣
[TEST-VERIFY] TEST PAYLOADS VALID  ID:9  Thread_ID:5  Event_ID:7 
                  Actual   Len(40): Fatal error in processing notification 💀
                  Expected Len(40): Fatal error in processing notification 💀
[TEST-VERIFY] TEST PAYLOADS VALID  ID:10  Thread_ID:2  Event_ID:2 
                  Actual   Len(26): Debug processing request 😎
                  Expected Len(26): Debug processing request 😎
[TEST-VERIFY] TEST PAYLOADS VALID  ID:11  Thread_ID:2  Event_ID:3 
                  Actual   Len(25): Info processing request 😊
                  Expected Len(25): Info processing request 😊
[TEST-VERIFY] TEST PAYLOADS VALID  ID:12  Thread_ID:2  Event_ID:4 
                  Actual   Len(36): Warning in processing notification 😕
                  Expected Len(36): Warning in processing notification 😕
[TEST-VERIFY] TEST PAYLOADS VALID  ID:13  Thread_ID:2  Event_ID:5 
                  Actual   Len(34): Error in processing notification 😣
                  Expected Len(34): Error in processing notification 😣
[TEST-VERIFY] TEST PAYLOADS VALID  ID:14  Thread_ID:2  Event_ID:6 
                  Actual   Len(29): Critical processing request 😣
                  Expected Len(29): Critical processing request 😣
[TEST-VERIFY] TEST PAYLOADS VALID  ID:15  Thread_ID:2  Event_ID:7 
                  Actual   Len(40): Fatal error in processing notification 💀
                  Expected Len(40): Fatal error in processing notification 💀
[TEST-VERIFY] TEST PAYLOADS VALID  ID:16  Thread_ID:4  Event_ID:0 
                  Actual   Len(26): Not Set, default payload 😎
                  Expected Len(26): Not Set, default payload 😎
[TEST-VERIFY] TEST PAYLOADS VALID  ID:17  Thread_ID:1  Event_ID:0 
                  Actual   Len(26): Not Set, default payload 😎
                  Expected Len(26): Not Set, default payload 😎
[TEST-VERIFY] TEST PAYLOADS VALID  ID:18  Thread_ID:6  Event_ID:0 
                  Actual   Len(26): Not Set, default payload 😎
                  Expected Len(26): Not Set, default payload 😎
[TEST-VERIFY] TEST PAYLOADS VALID  ID:19  Thread_ID:3  Event_ID:0 
                  Actual   Len(26): Not Set, default payload 😎
                  Expected Len(26): Not Set, default payload 😎
[TEST-VERIFY] TEST PAYLOADS VALID  ID:20  Thread_ID:0  Event_ID:0 
                  Actual   Len(26): Not Set, default payload 😎
                  Expected Len(26): Not Set, default payload 😎
[TEST-VERIFY] TEST PAYLOADS VALID  ID:21  Thread_ID:4  Event_ID:1 
                  Actual   Len(26): Trace processing request 😎
                  Expected Len(26): Trace processing request 😎
[TEST-VERIFY] TEST PAYLOADS VALID  ID:22  Thread_ID:1  Event_ID:1 
                  Actual   Len(26): Trace processing request 😎
                  Expected Len(26): Trace processing request 😎
[TEST-VERIFY] TEST PAYLOADS VALID  ID:23  Thread_ID:7  Event_ID:0 
                  Actual   Len(26): Not Set, default payload 😎
                  Expected Len(26): Not Set, default payload 😎
[TEST-VERIFY] TEST PAYLOADS VALID  ID:24  Thread_ID:4  Event_ID:2 
                  Actual   Len(26): Debug processing request 😎
                  Expected Len(26): Debug processing request 😎
[TEST-VERIFY] TEST PAYLOADS VALID  ID:25  Thread_ID:1  Event_ID:2 
                  Actual   Len(26): Debug processing request 😎
                  Expected Len(26): Debug processing request 😎
[TEST-VERIFY] TEST PAYLOADS VALID  ID:26  Thread_ID:4  Event_ID:3 
                  Actual   Len(25): Info processing request 😊
                  Expected Len(25): Info processing request 😊
[TEST-VERIFY] TEST PAYLOADS VALID  ID:27  Thread_ID:1  Event_ID:3 
                  Actual   Len(25): Info processing request 😊
                  Expected Len(25): Info processing request 😊
[TEST-VERIFY] TEST PAYLOADS VALID  ID:28  Thread_ID:0  Event_ID:1 
                  Actual   Len(26): Trace processing request 😎
                  Expected Len(26): Trace processing request 😎
[TEST-VERIFY] TEST PAYLOADS VALID  ID:29  Thread_ID:3  Event_ID:1 
                  Actual   Len(26): Trace processing request 😎
                  Expected Len(26): Trace processing request 😎
[TEST-VERIFY] TEST PAYLOADS VALID  ID:30  Thread_ID:6  Event_ID:1 
                  Actual   Len(26): Trace processing request 😎
                  Expected Len(26): Trace processing request 😎
[TEST-VERIFY] TEST PAYLOADS VALID  ID:31  Thread_ID:4  Event_ID:4 
                  Actual   Len(36): Warning in processing notification 😕
                  Expected Len(36): Warning in processing notification 😕
[TEST-VERIFY] TEST PAYLOADS VALID  ID:32  Thread_ID:1  Event_ID:4 
                  Actual   Len(36): Warning in processing notification 😕
                  Expected Len(36): Warning in processing notification 😕
[TEST-VERIFY] TEST PAYLOADS VALID  ID:33  Thread_ID:7  Event_ID:1 
                  Actual   Len(26): Trace processing request 😎
                  Expected Len(26): Trace processing request 😎
[TEST-VERIFY] TEST PAYLOADS VALID  ID:34  Thread_ID:0  Event_ID:2 
                  Actual   Len(26): Debug processing request 😎
                  Expected Len(26): Debug processing request 😎
[TEST-VERIFY] TEST PAYLOADS VALID  ID:35  Thread_ID:1  Event_ID:5 
                  Actual   Len(34): Error in processing notification 😣
                  Expected Len(34): Error in processing notification 😣
[TEST-VERIFY] TEST PAYLOADS VALID  ID:36  Thread_ID:3  Event_ID:2 
                  Actual   Len(26): Debug processing request 😎
                  Expected Len(26): Debug processing request 😎
[TEST-VERIFY] TEST PAYLOADS VALID  ID:37  Thread_ID:6  Event_ID:2 
                  Actual   Len(26): Debug processing request 😎
                  Expected Len(26): Debug processing request 😎
[TEST-VERIFY] TEST PAYLOADS VALID  ID:38  Thread_ID:4  Event_ID:5 
                  Actual   Len(34): Error in processing notification 😣
                  Expected Len(34): Error in processing notification 😣
[TEST-VERIFY] TEST PAYLOADS VALID  ID:39  Thread_ID:6  Event_ID:3 
                  Actual   Len(25): Info processing request 😊
                  Expected Len(25): Info processing request 😊
[TEST-VERIFY] TEST PAYLOADS VALID  ID:40  Thread_ID:3  Event_ID:3 
                  Actual   Len(25): Info processing request 😊
                  Expected Len(25): Info processing request 😊
[TEST-VERIFY] TEST PAYLOADS VALID  ID:41  Thread_ID:0  Event_ID:3 
                  Actual   Len(25): Info processing request 😊
                  Expected Len(25): Info processing request 😊
[TEST-VERIFY] TEST PAYLOADS VALID  ID:42  Thread_ID:7  Event_ID:2 
                  Actual   Len(26): Debug processing request 😎
                  Expected Len(26): Debug processing request 😎
[TEST-VERIFY] TEST PAYLOADS VALID  ID:43  Thread_ID:4  Event_ID:6 
                  Actual   Len(29): Critical processing request 😣
                  Expected Len(29): Critical processing request 😣
[TEST-VERIFY] TEST PAYLOADS VALID  ID:44  Thread_ID:1  Event_ID:6 
                  Actual   Len(29): Critical processing request 😣
                  Expected Len(29): Critical processing request 😣
[TEST-VERIFY] TEST PAYLOADS VALID  ID:45  Thread_ID:3  Event_ID:4 
                  Actual   Len(36): Warning in processing notification 😕
                  Expected Len(36): Warning in processing notification 😕
[TEST-VERIFY] TEST PAYLOADS VALID  ID:46  Thread_ID:0  Event_ID:4 
                  Actual   Len(36): Warning in processing notification 😕
                  Expected Len(36): Warning in processing notification 😕
[TEST-VERIFY] TEST PAYLOADS VALID  ID:47  Thread_ID:6  Event_ID:4 
                  Actual   Len(36): Warning in processing notification 😕
                  Expected Len(36): Warning in processing notification 😕
[TEST-VERIFY] TEST PAYLOADS VALID  ID:48  Thread_ID:4  Event_ID:7 
                  Actual   Len(40): Fatal error in processing notification 💀
                  Expected Len(40): Fatal error in processing notification 💀
[TEST-VERIFY] TEST PAYLOADS VALID  ID:49  Thread_ID:1  Event_ID:7 
                  Actual   Len(40): Fatal error in processing notification 💀
                  Expected Len(40): Fatal error in processing notification 💀
[TEST-VERIFY] TEST PAYLOADS VALID  ID:50  Thread_ID:7  Event_ID:3 
                  Actual   Len(25): Info processing request 😊
                  Expected Len(25): Info processing request 😊
[TEST-VERIFY] TEST PAYLOADS VALID  ID:51  Thread_ID:0  Event_ID:5 
                  Actual   Len(34): Error in processing notification 😣
                  Expected Len(34): Error in processing notification 😣
[TEST-VERIFY] TEST PAYLOADS VALID  ID:52  Thread_ID:3  Event_ID:5 
                  Actual   Len(34): Error in processing notification 😣
                  Expected Len(34): Error in processing notification 😣
[TEST-VERIFY] TEST PAYLOADS VALID  ID:53  Thread_ID:6  Event_ID:5 
                  Actual   Len(34): Error in processing notification 😣
                  Expected Len(34): Error in processing notification 😣
[TEST-VERIFY] TEST PAYLOADS VALID  ID:54  Thread_ID:7  Event_ID:4 
                  Actual   Len(36): Warning in processing notification 😕
                  Expected Len(36): Warning in processing notification 😕
[TEST-VERIFY] TEST PAYLOADS VALID  ID:55  Thread_ID:6  Event_ID:6 
                  Actual   Len(29): Critical processing request 😣
                  Expected Len(29): Critical processing request 😣
[TEST-VERIFY] TEST PAYLOADS VALID  ID:56  Thread_ID:0  Event_ID:6 
                  Actual   Len(29): Critical processing request 😣
                  Expected Len(29): Critical processing request 😣
[TEST-VERIFY] TEST PAYLOADS VALID  ID:57  Thread_ID:3  Event_ID:6 
                  Actual   Len(29): Critical processing request 😣
                  Expected Len(29): Critical processing request 😣
[TEST-VERIFY] TEST PAYLOADS VALID  ID:58  Thread_ID:7  Event_ID:5 
                  Actual   Len(34): Error in processing notification 😣
                  Expected Len(34): Error in processing notification 😣
[TEST-VERIFY] TEST PAYLOADS VALID  ID:59  Thread_ID:0  Event_ID:7 
                  Actual   Len(40): Fatal error in processing notification 💀
                  Expected Len(40): Fatal error in processing notification 💀
[TEST-VERIFY] TEST PAYLOADS VALID  ID:60  Thread_ID:3  Event_ID:7 
                  Actual   Len(40): Fatal error in processing notification 💀
                  Expected Len(40): Fatal error in processing notification 💀
[TEST-VERIFY] TEST PAYLOADS VALID  ID:61  Thread_ID:6  Event_ID:7 
                  Actual   Len(40): Fatal error in processing notification 💀
                  Expected Len(40): Fatal error in processing notification 💀
[TEST-VERIFY] TEST PAYLOADS VALID  ID:62  Thread_ID:7  Event_ID:6 
                  Actual   Len(29): Critical processing request 😣
                  Expected Len(29): Critical processing request 😣
[TEST-VERIFY] TEST PAYLOADS VALID  ID:63  Thread_ID:7  Event_ID:7 
                  Actual   Len(40): Fatal error in processing notification 💀
                  Expected Len(40): Fatal error in processing notification 💀
PRODUCTION SIMULATION PASSED — 100% clean
ts_store <
   Threads    = 8
   Events     = 8
   ValueT     = std::string(max len=43)
   Time Stamp = Off>
=================================================================================================================
 ID    TIME (µs)   SEVERITY   CATEGORY............   Thread   Event   PAYLOAD....................................   
  0            -   Not Set.   NET.................        5       0   Not Set, default payload 😎..............   FLAGS: LogConsole, KeeperRecord, HotCacheHint, HasData | Severity: Not Set 
  1            -   Trace...   NET.................        5       1   Trace processing request 😎..............   FLAGS: LogConsole, KeeperRecord, HotCacheHint, HasData | Severity: Trace 
  2            -   Debug...   NET.................        5       2   Debug processing request 😎..............   FLAGS: LogConsole, KeeperRecord, HotCacheHint, HasData | Severity: Debug 
  3            -   Not Set.   UI..................        2       0   Not Set, default payload 😎..............   FLAGS: LogConsole, KeeperRecord, HotCacheHint, HasData | Severity: Not Set 
  4            -   Info....   NET.................        5       3   Info processing request 😊...............   FLAGS: LogConsole, KeeperRecord, HotCacheHint, HasData | Severity: Info 
  5            -   Warn....   NET.................        5       4   Warning in processing notification 😕....   FLAGS: LogConsole, KeeperRecord, HotCacheHint, HasData | Severity: Warn 
  6            -   Error...   NET.................        5       5   Error in processing notification 😣......   FLAGS: LogConsole, KeeperRecord, HotCacheHint, HasData | Severity: Error 
  7            -   Trace...   UI..................        2       1   Trace processing request 😎..............   FLAGS: LogConsole, KeeperRecord, HotCacheHint, HasData | Severity: Trace 
  8            -   Critical   NET.................        5       6   Critical processing request 😣...........   FLAGS: LogConsole, KeeperRecord, HotCacheHint, HasData | Severity: Critical 
  9            -   Fatal...   NET.................        5       7   Fatal error in processing notification 💀   FLAGS: LogConsole, KeeperRecord, HotCacheHint, HasData | Severity: Fatal 
 10            -   Debug...   UI..................        2       2   Debug processing request 😎..............   FLAGS: LogConsole, KeeperRecord, HotCacheHint, HasData | Severity: Debug 
 11            -   Info....   UI..................        2       3   Info processing request 😊...............   FLAGS: LogConsole, KeeperRecord, HotCacheHint, HasData | Severity: Info 
 12            -   Warn....   UI..................        2       4   Warning in processing notification 😕....   FLAGS: LogConsole, KeeperRecord, HotCacheHint, HasData | Severity: Warn 
 13            -   Error...   UI..................        2       5   Error in processing notification 😣......   FLAGS: LogConsole, KeeperRecord, HotCacheHint, HasData | Severity: Error 
 14            -   Critical   UI..................        2       6   Critical processing request 😣...........   FLAGS: LogConsole, KeeperRecord, HotCacheHint, HasData | Severity: Critical 
 15            -   Fatal...   UI..................        2       7   Fatal error in processing notification 💀   FLAGS: LogConsole, KeeperRecord, HotCacheHint, HasData | Severity: Fatal 
 16            -   Not Set.   GFX.................        4       0   Not Set, default payload 😎..............   FLAGS: LogConsole, KeeperRecord, HotCacheHint, HasData | Severity: Not Set 
 17            -   Not Set.   DB..................        1       0   Not Set, default payload 😎..............   FLAGS: LogConsole, KeeperRecord, HotCacheHint, HasData | Severity: Not Set 
 18            -   Not Set.   DB..................        6       0   Not Set, default payload 😎..............   FLAGS: LogConsole, KeeperRecord, HotCacheHint, HasData | Severity: Not Set 
 19            -   Not Set.   SYS.................        3       0   Not Set, default payload 😎..............   FLAGS: LogConsole, KeeperRecord, HotCacheHint, HasData | Severity: Not Set 
 20            -   Not Set.   NET.................        0       0   Not Set, default payload 😎..............   FLAGS: LogConsole, KeeperRecord, HotCacheHint, HasData | Severity: Not Set 
 21            -   Trace...   GFX.................        4       1   Trace processing request 😎..............   FLAGS: LogConsole, KeeperRecord, HotCacheHint, HasData | Severity: Trace 
 22            -   Trace...   DB..................        1       1   Trace processing request 😎..............   FLAGS: LogConsole, KeeperRecord, HotCacheHint, HasData | Severity: Trace 
 23            -   Not Set.   UI..................        7       0   Not Set, default payload 😎..............   FLAGS: LogConsole, KeeperRecord, HotCacheHint, HasData | Severity: Not Set 
 24            -   Debug...   GFX.................        4       2   Debug processing request 😎..............   FLAGS: LogConsole, KeeperRecord, HotCacheHint, HasData | Severity: Debug 
 25            -   Debug...   DB..................        1       2   Debug processing request 😎..............   FLAGS: LogConsole, KeeperRecord, HotCacheHint, HasData | Severity: Debug 
 26            -   Info....   GFX.................        4       3   Info processing request 😊...............   FLAGS: LogConsole, KeeperRecord, HotCacheHint, HasData | Severity: Info 
 27            -   Info....   DB..................        1       3   Info processing request 😊...............   FLAGS: LogConsole, KeeperRecord, HotCacheHint, HasData | Severity: Info 
 28            -   Trace...   NET.................        0       1   Trace processing request 😎..............   FLAGS: LogConsole, KeeperRecord, HotCacheHint, HasData | Severity: Trace 
 29            -   Trace...   SYS.................        3       1   Trace processing request 😎..............   FLAGS: LogConsole, KeeperRecord, HotCacheHint, HasData | Severity: Trace 
 30            -   Trace...   DB..................        6       1   Trace processing request 😎..............   FLAGS: LogConsole, KeeperRecord, HotCacheHint, HasData | Severity: Trace 
 31            -   Warn....   GFX.................        4       4   Warning in processing notification 😕....   FLAGS: LogConsole, KeeperRecord, HotCacheHint, HasData | Severity: Warn 
 32            -   Warn....   DB..................        1       4   Warning in processing notification 😕....   FLAGS: LogConsole, KeeperRecord, HotCacheHint, HasData | Severity: Warn 
 33            -   Trace...   UI..................        7       1   Trace processing request 😎..............   FLAGS: LogConsole, KeeperRecord, HotCacheHint, HasData | Severity: Trace 
 34            -   Debug...   NET.................        0       2   Debug processing request 😎..............   FLAGS: LogConsole, KeeperRecord, HotCacheHint, HasData | Severity: Debug 
 35            -   Error...   DB..................        1       5   Error in processing notification 😣......   FLAGS: LogConsole, KeeperRecord, HotCacheHint, HasData | Severity: Error 
 36            -   Debug...   SYS.................        3       2   Debug processing request 😎..............   FLAGS: LogConsole, KeeperRecord, HotCacheHint, HasData | Severity: Debug 
 37            -   Debug...   DB..................        6       2   Debug processing request 😎..............   FLAGS: LogConsole, KeeperRecord, HotCacheHint, HasData | Severity: Debug 
 38            -   Error...   GFX.................        4       5   Error in processing notification 😣......   FLAGS: LogConsole, KeeperRecord, HotCacheHint, HasData | Severity: Error 
 39            -   Info....   DB..................        6       3   Info processing request 😊...............   FLAGS: LogConsole, KeeperRecord, HotCacheHint, HasData | Severity: Info 
 40            -   Info....   SYS.................        3       3   Info processing request 😊...............   FLAGS: LogConsole, KeeperRecord, HotCacheHint, HasData | Severity: Info 
 41            -   Info....   NET.................        0       3   Info processing request 😊...............   FLAGS: LogConsole, KeeperRecord, HotCacheHint, HasData | Severity: Info 
 42            -   Debug...   UI..................        7       2   Debug processing request 😎..............   FLAGS: LogConsole, KeeperRecord, HotCacheHint, HasData | Severity: Debug 
 43            -   Critical   GFX.................        4       6   Critical processing request 😣...........   FLAGS: LogConsole, KeeperRecord, HotCacheHint, HasData | Severity: Critical 
 44            -   Critical   DB..................        1       6   Critical processing request 😣...........   FLAGS: LogConsole, KeeperRecord, HotCacheHint, HasData | Severity: Critical 
 45            -   Warn....   SYS.................        3       4   Warning in processing notification 😕....   FLAGS: LogConsole, KeeperRecord, HotCacheHint, HasData | Severity: Warn 
 46            -   Warn....   NET.................        0       4   Warning in processing notification 😕....   FLAGS: LogConsole, KeeperRecord, HotCacheHint, HasData | Severity: Warn 
 47            -   Warn....   DB..................        6       4   Warning in processing notification 😕....   FLAGS: LogConsole, KeeperRecord, HotCacheHint, HasData | Severity: Warn 
 48            -   Fatal...   GFX.................        4       7   Fatal error in processing notification 💀   FLAGS: LogConsole, KeeperRecord, HotCacheHint, HasData | Severity: Fatal 
 49            -   Fatal...   DB..................        1       7   Fatal error in processing notification 💀   FLAGS: LogConsole, KeeperRecord, HotCacheHint, HasData | Severity: Fatal 
 50            -   Info....   UI..................        7       3   Info processing request 😊...............   FLAGS: LogConsole, KeeperRecord, HotCacheHint, HasData | Severity: Info 
 51            -   Error...   NET.................        0       5   Error in processing notification 😣......   FLAGS: LogConsole, KeeperRecord, HotCacheHint, HasData | Severity: Error 
 52            -   Error...   SYS.................        3       5   Error in processing notification 😣......   FLAGS: LogConsole, KeeperRecord, HotCacheHint, HasData | Severity: Error 
 53            -   Error...   DB..................        6       5   Error in processing notification 😣......   FLAGS: LogConsole, KeeperRecord, HotCacheHint, HasData | Severity: Error 
 54            -   Warn....   UI..................        7       4   Warning in processing notification 😕....   FLAGS: LogConsole, KeeperRecord, HotCacheHint, HasData | Severity: Warn 
 55            -   Critical   DB..................        6       6   Critical processing request 😣...........   FLAGS: LogConsole, KeeperRecord, HotCacheHint, HasData | Severity: Critical 
 56            -   Critical   NET.................        0       6   Critical processing request 😣...........   FLAGS: LogConsole, KeeperRecord, HotCacheHint, HasData | Severity: Critical 
 57            -   Critical   SYS.................        3       6   Critical processing request 😣...........   FLAGS: LogConsole, KeeperRecord, HotCacheHint, HasData | Severity: Critical 
 58            -   Error...   UI..................        7       5   Error in processing notification 😣......   FLAGS: LogConsole, KeeperRecord, HotCacheHint, HasData | Severity: Error 
 59            -   Fatal...   NET.................        0       7   Fatal error in processing notification 💀   FLAGS: LogConsole, KeeperRecord, HotCacheHint, HasData | Severity: Fatal 
 60            -   Fatal...   SYS.................        3       7   Fatal error in processing notification 💀   FLAGS: LogConsole, KeeperRecord, HotCacheHint, HasData | Severity: Fatal 
 61            -   Fatal...   DB..................        6       7   Fatal error in processing notification 💀   FLAGS: LogConsole, KeeperRecord, HotCacheHint, HasData | Severity: Fatal 
 62            -   Critical   UI..................        7       6   Critical processing request 😣...........   FLAGS: LogConsole, KeeperRecord, HotCacheHint, HasData | Severity: Critical 
 63            -   Fatal...   UI..................        7       7   Fatal error in processing notification 💀   FLAGS: LogConsole, KeeperRecord, HotCacheHint, HasData | Severity: Fatal 
=================================================================================================================
Note: Output is zero-indexed → last printed entry is ID 63. Expected last ID = 63.
Total entries stored: 64 (expected: 64)

=== ALL TESTS COMPLETED SUCCESSFULLY ===
=== TEST PASSED BY RUNNER ===
