=== FINAL MASSIVE TEST — 1000000 entries × 50 runs ===
Using store.clear() — fastest, most realistic reuse

Run  1 / 50
  sample metrics on event 42 (t=0): int=42 dbl=0.42
[VERIFY] ALL 1000000 ENTRIES STRUCTURALLY PERFECT — UNIQUE PAIRS, FULL COVERAGE
PASS —   394235 µs →   2536558 ops/sec

Run  2 / 50
  sample metrics on event 42 (t=0): int=42 dbl=0
[VERIFY] ALL 1000000 ENTRIES STRUCTURALLY PERFECT — UNIQUE PAIRS, FULL COVERAGE
PASS —   421405 µs →   2373014 ops/sec

Run  3 / 50
  sample metrics on event 42 (t=0): int=42 dbl=0
[VERIFY] ALL 1000000 ENTRIES STRUCTURALLY PERFECT — UNIQUE PAIRS, FULL COVERAGE
PASS —   424954 µs →   2353196 ops/sec

Run  4 / 50
  sample metrics on event 42 (t=0): int=42 dbl=0
[VERIFY] ALL 1000000 ENTRIES STRUCTURALLY PERFECT — UNIQUE PAIRS, FULL COVERAGE
PASS —   424368 µs →   2356445 ops/sec

Run  5 / 50
  sample metrics on event 42 (t=0): int=42 dbl=0
[VERIFY] ALL 1000000 ENTRIES STRUCTURALLY PERFECT — UNIQUE PAIRS, FULL COVERAGE
PASS —   418671 µs →   2388510 ops/sec

Run  6 / 50
  sample metrics on event 42 (t=0): int=42 dbl=0
[VERIFY] ALL 1000000 ENTRIES STRUCTURALLY PERFECT — UNIQUE PAIRS, FULL COVERAGE
PASS —   421234 µs →   2373977 ops/sec

Run  7 / 50
  sample metrics on event 42 (t=0): int=42 dbl=0
[VERIFY] ALL 1000000 ENTRIES STRUCTURALLY PERFECT — UNIQUE PAIRS, FULL COVERAGE
PASS —   419667 µs →   2382842 ops/sec

Run  8 / 50
  sample metrics on event 42 (t=0): int=42 dbl=0
[VERIFY] ALL 1000000 ENTRIES STRUCTURALLY PERFECT — UNIQUE PAIRS, FULL COVERAGE
PASS —   420807 µs →   2376386 ops/sec

Run  9 / 50
  sample metrics on event 42 (t=0): int=42 dbl=0
[VERIFY] ALL 1000000 ENTRIES STRUCTURALLY PERFECT — UNIQUE PAIRS, FULL COVERAGE
PASS —   420371 µs →   2378851 ops/sec

Run 10 / 50
  sample metrics on event 42 (t=0): int=42 dbl=0
[VERIFY] ALL 1000000 ENTRIES STRUCTURALLY PERFECT — UNIQUE PAIRS, FULL COVERAGE
PASS —   424039 µs →   2358274 ops/sec

Run 11 / 50
  sample metrics on event 42 (t=0): int=42 dbl=0
[VERIFY] ALL 1000000 ENTRIES STRUCTURALLY PERFECT — UNIQUE PAIRS, FULL COVERAGE
PASS —   422412 µs →   2367357 ops/sec

Run 12 / 50
  sample metrics on event 42 (t=0): int=42 dbl=0
[VERIFY] ALL 1000000 ENTRIES STRUCTURALLY PERFECT — UNIQUE PAIRS, FULL COVERAGE
PASS —   419288 µs →   2384996 ops/sec

Run 13 / 50
  sample metrics on event 42 (t=0): int=42 dbl=0
[VERIFY] ALL 1000000 ENTRIES STRUCTURALLY PERFECT — UNIQUE PAIRS, FULL COVERAGE
PASS —   412718 µs →   2422962 ops/sec

Run 14 / 50
  sample metrics on event 42 (t=0): int=42 dbl=0
[VERIFY] ALL 1000000 ENTRIES STRUCTURALLY PERFECT — UNIQUE PAIRS, FULL COVERAGE
PASS —   416228 µs →   2402529 ops/sec

Run 15 / 50
  sample metrics on event 42 (t=0): int=42 dbl=0
[VERIFY] ALL 1000000 ENTRIES STRUCTURALLY PERFECT — UNIQUE PAIRS, FULL COVERAGE
PASS —   426445 µs →   2344968 ops/sec

Run 16 / 50
  sample metrics on event 42 (t=0): int=42 dbl=0
[VERIFY] ALL 1000000 ENTRIES STRUCTURALLY PERFECT — UNIQUE PAIRS, FULL COVERAGE
PASS —   421089 µs →   2374795 ops/sec

Run 17 / 50
  sample metrics on event 42 (t=0): int=42 dbl=0
[VERIFY] ALL 1000000 ENTRIES STRUCTURALLY PERFECT — UNIQUE PAIRS, FULL COVERAGE
PASS —   419415 µs →   2384273 ops/sec

Run 18 / 50
  sample metrics on event 42 (t=0): int=42 dbl=0
[VERIFY] ALL 1000000 ENTRIES STRUCTURALLY PERFECT — UNIQUE PAIRS, FULL COVERAGE
PASS —   416113 µs →   2403193 ops/sec

Run 19 / 50
  sample metrics on event 42 (t=0): int=42 dbl=0
[VERIFY] ALL 1000000 ENTRIES STRUCTURALLY PERFECT — UNIQUE PAIRS, FULL COVERAGE
PASS —   422314 µs →   2367906 ops/sec

Run 20 / 50
  sample metrics on event 42 (t=0): int=42 dbl=0
[VERIFY] ALL 1000000 ENTRIES STRUCTURALLY PERFECT — UNIQUE PAIRS, FULL COVERAGE
PASS —   425193 µs →   2351873 ops/sec

Run 21 / 50
  sample metrics on event 42 (t=0): int=42 dbl=0
[VERIFY] ALL 1000000 ENTRIES STRUCTURALLY PERFECT — UNIQUE PAIRS, FULL COVERAGE
PASS —   425629 µs →   2349464 ops/sec

Run 22 / 50
  sample metrics on event 42 (t=0): int=42 dbl=0
[VERIFY] ALL 1000000 ENTRIES STRUCTURALLY PERFECT — UNIQUE PAIRS, FULL COVERAGE
PASS —   427405 µs →   2339701 ops/sec

Run 23 / 50
  sample metrics on event 42 (t=0): int=42 dbl=0
[VERIFY] ALL 1000000 ENTRIES STRUCTURALLY PERFECT — UNIQUE PAIRS, FULL COVERAGE
PASS —   423320 µs →   2362279 ops/sec

Run 24 / 50
  sample metrics on event 42 (t=0): int=42 dbl=0
[VERIFY] ALL 1000000 ENTRIES STRUCTURALLY PERFECT — UNIQUE PAIRS, FULL COVERAGE
PASS —   423768 µs →   2359782 ops/sec

Run 25 / 50
  sample metrics on event 42 (t=0): int=42 dbl=0
[VERIFY] ALL 1000000 ENTRIES STRUCTURALLY PERFECT — UNIQUE PAIRS, FULL COVERAGE
PASS —   422010 µs →   2369612 ops/sec

Run 26 / 50
  sample metrics on event 42 (t=0): int=42 dbl=0
[VERIFY] ALL 1000000 ENTRIES STRUCTURALLY PERFECT — UNIQUE PAIRS, FULL COVERAGE
PASS —   424923 µs →   2353368 ops/sec

Run 27 / 50
  sample metrics on event 42 (t=0): int=42 dbl=0
[VERIFY] ALL 1000000 ENTRIES STRUCTURALLY PERFECT — UNIQUE PAIRS, FULL COVERAGE
PASS —   422657 µs →   2365985 ops/sec

Run 28 / 50
  sample metrics on event 42 (t=0): int=42 dbl=0
[VERIFY] ALL 1000000 ENTRIES STRUCTURALLY PERFECT — UNIQUE PAIRS, FULL COVERAGE
PASS —   427262 µs →   2340484 ops/sec

Run 29 / 50
  sample metrics on event 42 (t=0): int=42 dbl=0
[VERIFY] ALL 1000000 ENTRIES STRUCTURALLY PERFECT — UNIQUE PAIRS, FULL COVERAGE
PASS —   424588 µs →   2355224 ops/sec

Run 30 / 50
  sample metrics on event 42 (t=0): int=42 dbl=0
[VERIFY] ALL 1000000 ENTRIES STRUCTURALLY PERFECT — UNIQUE PAIRS, FULL COVERAGE
PASS —   423874 µs →   2359192 ops/sec

Run 31 / 50
  sample metrics on event 42 (t=0): int=42 dbl=0
[VERIFY] ALL 1000000 ENTRIES STRUCTURALLY PERFECT — UNIQUE PAIRS, FULL COVERAGE
PASS —   419859 µs →   2381752 ops/sec

Run 32 / 50
  sample metrics on event 42 (t=0): int=42 dbl=0
[VERIFY] ALL 1000000 ENTRIES STRUCTURALLY PERFECT — UNIQUE PAIRS, FULL COVERAGE
PASS —   424195 µs →   2357406 ops/sec

Run 33 / 50
  sample metrics on event 42 (t=0): int=42 dbl=0
[VERIFY] ALL 1000000 ENTRIES STRUCTURALLY PERFECT — UNIQUE PAIRS, FULL COVERAGE
PASS —   420373 µs →   2378840 ops/sec

Run 34 / 50
  sample metrics on event 42 (t=0): int=42 dbl=0
[VERIFY] ALL 1000000 ENTRIES STRUCTURALLY PERFECT — UNIQUE PAIRS, FULL COVERAGE
PASS —   418561 µs →   2389138 ops/sec

Run 35 / 50
  sample metrics on event 42 (t=0): int=42 dbl=0
[VERIFY] ALL 1000000 ENTRIES STRUCTURALLY PERFECT — UNIQUE PAIRS, FULL COVERAGE
PASS —   425541 µs →   2349950 ops/sec

Run 36 / 50
  sample metrics on event 42 (t=0): int=42 dbl=0
[VERIFY] ALL 1000000 ENTRIES STRUCTURALLY PERFECT — UNIQUE PAIRS, FULL COVERAGE
PASS —   415574 µs →   2406310 ops/sec

Run 37 / 50
  sample metrics on event 42 (t=0): int=42 dbl=0
[VERIFY] ALL 1000000 ENTRIES STRUCTURALLY PERFECT — UNIQUE PAIRS, FULL COVERAGE
PASS —   427064 µs →   2341569 ops/sec

Run 38 / 50
  sample metrics on event 42 (t=0): int=42 dbl=0
[VERIFY] ALL 1000000 ENTRIES STRUCTURALLY PERFECT — UNIQUE PAIRS, FULL COVERAGE
PASS —   423578 µs →   2360840 ops/sec

Run 39 / 50
  sample metrics on event 42 (t=0): int=42 dbl=0
[VERIFY] ALL 1000000 ENTRIES STRUCTURALLY PERFECT — UNIQUE PAIRS, FULL COVERAGE
PASS —   425173 µs →   2351984 ops/sec

Run 40 / 50
  sample metrics on event 42 (t=0): int=42 dbl=0
[VERIFY] ALL 1000000 ENTRIES STRUCTURALLY PERFECT — UNIQUE PAIRS, FULL COVERAGE
PASS —   424176 µs →   2357512 ops/sec

Run 41 / 50
  sample metrics on event 42 (t=0): int=42 dbl=0
[VERIFY] ALL 1000000 ENTRIES STRUCTURALLY PERFECT — UNIQUE PAIRS, FULL COVERAGE
PASS —   428673 µs →   2332780 ops/sec

Run 42 / 50
  sample metrics on event 42 (t=0): int=42 dbl=0
[VERIFY] ALL 1000000 ENTRIES STRUCTURALLY PERFECT — UNIQUE PAIRS, FULL COVERAGE
PASS —   422538 µs →   2366651 ops/sec

Run 43 / 50
  sample metrics on event 42 (t=0): int=42 dbl=0
[VERIFY] ALL 1000000 ENTRIES STRUCTURALLY PERFECT — UNIQUE PAIRS, FULL COVERAGE
PASS —   429493 µs →   2328327 ops/sec

Run 44 / 50
  sample metrics on event 42 (t=0): int=42 dbl=0
[VERIFY] ALL 1000000 ENTRIES STRUCTURALLY PERFECT — UNIQUE PAIRS, FULL COVERAGE
PASS —   429173 µs →   2330063 ops/sec

Run 45 / 50
  sample metrics on event 42 (t=0): int=42 dbl=0
[VERIFY] ALL 1000000 ENTRIES STRUCTURALLY PERFECT — UNIQUE PAIRS, FULL COVERAGE
PASS —   417237 µs →   2396719 ops/sec

Run 46 / 50
  sample metrics on event 42 (t=0): int=42 dbl=0
[VERIFY] ALL 1000000 ENTRIES STRUCTURALLY PERFECT — UNIQUE PAIRS, FULL COVERAGE
PASS —   425736 µs →   2348873 ops/sec

Run 47 / 50
  sample metrics on event 42 (t=0): int=42 dbl=0
[VERIFY] ALL 1000000 ENTRIES STRUCTURALLY PERFECT — UNIQUE PAIRS, FULL COVERAGE
PASS —   423152 µs →   2363217 ops/sec

Run 48 / 50
  sample metrics on event 42 (t=0): int=42 dbl=0
[VERIFY] ALL 1000000 ENTRIES STRUCTURALLY PERFECT — UNIQUE PAIRS, FULL COVERAGE
PASS —   426162 µs →   2346525 ops/sec

Run 49 / 50
  sample metrics on event 42 (t=0): int=42 dbl=0
[VERIFY] ALL 1000000 ENTRIES STRUCTURALLY PERFECT — UNIQUE PAIRS, FULL COVERAGE
PASS —   419389 µs →   2384421 ops/sec

Run 50 / 50
  sample metrics on event 42 (t=0): int=42 dbl=0
[VERIFY] ALL 1000000 ENTRIES STRUCTURALLY PERFECT — UNIQUE PAIRS, FULL COVERAGE
PASS —   430204 µs →   2324479 ops/sec


═══════════════════════════════════════════════════════════════
               FINAL RESULT — 50-RUN STATISTICS            
═══════════════════════════════════════════════════════════════
  Fastest run        :    394235 µs  →    2536558 ops/sec
  Slowest run        :    430204 µs  →    2324479 ops/sec
  Average            :    422245 µs  →    2368293 ops/sec
  (1000000 events per run, 100% verified, zero corruption)
═══════════════════════════════════════════════════════════════
=== TEST PASSED BY RUNNER ===
