=== FINAL MASSIVE TEST — 1000000 entries × 50 runs ===
Using store.clear() — fastest, most realistic reuse

Run  1 / 50
  sample metrics on event 42 (t=0): int=4200 dbl=0.42
[VERIFY] ALL 1000000 ENTRIES STRUCTURALLY PERFECT — UNIQUE PAIRS, FULL COVERAGE
PASS —   378649 µs →   2640968 ops/sec

Run  2 / 50
  sample metrics on event 42 (t=0): int=4200 dbl=0
[VERIFY] ALL 1000000 ENTRIES STRUCTURALLY PERFECT — UNIQUE PAIRS, FULL COVERAGE
PASS —   425187 µs →   2351906 ops/sec

Run  3 / 50
  sample metrics on event 42 (t=0): int=4200 dbl=0
[VERIFY] ALL 1000000 ENTRIES STRUCTURALLY PERFECT — UNIQUE PAIRS, FULL COVERAGE
PASS —   438398 µs →   2281032 ops/sec

Run  4 / 50
  sample metrics on event 42 (t=0): int=4200 dbl=0
[VERIFY] ALL 1000000 ENTRIES STRUCTURALLY PERFECT — UNIQUE PAIRS, FULL COVERAGE
PASS —   439605 µs →   2274769 ops/sec

Run  5 / 50
  sample metrics on event 42 (t=0): int=4200 dbl=0
[VERIFY] ALL 1000000 ENTRIES STRUCTURALLY PERFECT — UNIQUE PAIRS, FULL COVERAGE
PASS —   440619 µs →   2269534 ops/sec

Run  6 / 50
  sample metrics on event 42 (t=0): int=4200 dbl=0
[VERIFY] ALL 1000000 ENTRIES STRUCTURALLY PERFECT — UNIQUE PAIRS, FULL COVERAGE
PASS —   439256 µs →   2276577 ops/sec

Run  7 / 50
  sample metrics on event 42 (t=0): int=4200 dbl=0
[VERIFY] ALL 1000000 ENTRIES STRUCTURALLY PERFECT — UNIQUE PAIRS, FULL COVERAGE
PASS —   430349 µs →   2323695 ops/sec

Run  8 / 50
  sample metrics on event 42 (t=0): int=4200 dbl=0
[VERIFY] ALL 1000000 ENTRIES STRUCTURALLY PERFECT — UNIQUE PAIRS, FULL COVERAGE
PASS —   436685 µs →   2289980 ops/sec

Run  9 / 50
  sample metrics on event 42 (t=0): int=4200 dbl=0
[VERIFY] ALL 1000000 ENTRIES STRUCTURALLY PERFECT — UNIQUE PAIRS, FULL COVERAGE
PASS —   434184 µs →   2303171 ops/sec

Run 10 / 50
  sample metrics on event 42 (t=0): int=4200 dbl=0
[VERIFY] ALL 1000000 ENTRIES STRUCTURALLY PERFECT — UNIQUE PAIRS, FULL COVERAGE
PASS —   431364 µs →   2318228 ops/sec

Run 11 / 50
  sample metrics on event 42 (t=0): int=4200 dbl=0
[VERIFY] ALL 1000000 ENTRIES STRUCTURALLY PERFECT — UNIQUE PAIRS, FULL COVERAGE
PASS —   436566 µs →   2290604 ops/sec

Run 12 / 50
  sample metrics on event 42 (t=0): int=4200 dbl=0
[VERIFY] ALL 1000000 ENTRIES STRUCTURALLY PERFECT — UNIQUE PAIRS, FULL COVERAGE
PASS —   436614 µs →   2290353 ops/sec

Run 13 / 50
  sample metrics on event 42 (t=0): int=4200 dbl=0
[VERIFY] ALL 1000000 ENTRIES STRUCTURALLY PERFECT — UNIQUE PAIRS, FULL COVERAGE
PASS —   436632 µs →   2290258 ops/sec

Run 14 / 50
  sample metrics on event 42 (t=0): int=4200 dbl=0
[VERIFY] ALL 1000000 ENTRIES STRUCTURALLY PERFECT — UNIQUE PAIRS, FULL COVERAGE
PASS —   439500 µs →   2275313 ops/sec

Run 15 / 50
  sample metrics on event 42 (t=0): int=4200 dbl=0
[VERIFY] ALL 1000000 ENTRIES STRUCTURALLY PERFECT — UNIQUE PAIRS, FULL COVERAGE
PASS —   437192 µs →   2287325 ops/sec

Run 16 / 50
  sample metrics on event 42 (t=0): int=4200 dbl=0
[VERIFY] ALL 1000000 ENTRIES STRUCTURALLY PERFECT — UNIQUE PAIRS, FULL COVERAGE
PASS —   436263 µs →   2292195 ops/sec

Run 17 / 50
  sample metrics on event 42 (t=0): int=4200 dbl=0
[VERIFY] ALL 1000000 ENTRIES STRUCTURALLY PERFECT — UNIQUE PAIRS, FULL COVERAGE
PASS —   438598 µs →   2279992 ops/sec

Run 18 / 50
  sample metrics on event 42 (t=0): int=4200 dbl=0
[VERIFY] ALL 1000000 ENTRIES STRUCTURALLY PERFECT — UNIQUE PAIRS, FULL COVERAGE
PASS —   439440 µs →   2275624 ops/sec

Run 19 / 50
  sample metrics on event 42 (t=0): int=4200 dbl=0
[VERIFY] ALL 1000000 ENTRIES STRUCTURALLY PERFECT — UNIQUE PAIRS, FULL COVERAGE
PASS —   440763 µs →   2268793 ops/sec

Run 20 / 50
  sample metrics on event 42 (t=0): int=4200 dbl=0
[VERIFY] ALL 1000000 ENTRIES STRUCTURALLY PERFECT — UNIQUE PAIRS, FULL COVERAGE
PASS —   438436 µs →   2280835 ops/sec

Run 21 / 50
  sample metrics on event 42 (t=0): int=4200 dbl=0
[VERIFY] ALL 1000000 ENTRIES STRUCTURALLY PERFECT — UNIQUE PAIRS, FULL COVERAGE
PASS —   444119 µs →   2251649 ops/sec

Run 22 / 50
  sample metrics on event 42 (t=0): int=4200 dbl=0
[VERIFY] ALL 1000000 ENTRIES STRUCTURALLY PERFECT — UNIQUE PAIRS, FULL COVERAGE
PASS —   437593 µs →   2285229 ops/sec

Run 23 / 50
  sample metrics on event 42 (t=0): int=4200 dbl=0
[VERIFY] ALL 1000000 ENTRIES STRUCTURALLY PERFECT — UNIQUE PAIRS, FULL COVERAGE
PASS —   436782 µs →   2289472 ops/sec

Run 24 / 50
  sample metrics on event 42 (t=0): int=4200 dbl=0
[VERIFY] ALL 1000000 ENTRIES STRUCTURALLY PERFECT — UNIQUE PAIRS, FULL COVERAGE
PASS —   435717 µs →   2295068 ops/sec

Run 25 / 50
  sample metrics on event 42 (t=0): int=4200 dbl=0
[VERIFY] ALL 1000000 ENTRIES STRUCTURALLY PERFECT — UNIQUE PAIRS, FULL COVERAGE
PASS —   432806 µs →   2310504 ops/sec

Run 26 / 50
  sample metrics on event 42 (t=0): int=4200 dbl=0
[VERIFY] ALL 1000000 ENTRIES STRUCTURALLY PERFECT — UNIQUE PAIRS, FULL COVERAGE
PASS —   435387 µs →   2296807 ops/sec

Run 27 / 50
  sample metrics on event 42 (t=0): int=4200 dbl=0
[VERIFY] ALL 1000000 ENTRIES STRUCTURALLY PERFECT — UNIQUE PAIRS, FULL COVERAGE
PASS —   437231 µs →   2287121 ops/sec

Run 28 / 50
  sample metrics on event 42 (t=0): int=4200 dbl=0
[VERIFY] ALL 1000000 ENTRIES STRUCTURALLY PERFECT — UNIQUE PAIRS, FULL COVERAGE
PASS —   438482 µs →   2280595 ops/sec

Run 29 / 50
  sample metrics on event 42 (t=0): int=4200 dbl=0
[VERIFY] ALL 1000000 ENTRIES STRUCTURALLY PERFECT — UNIQUE PAIRS, FULL COVERAGE
PASS —   435550 µs →   2295948 ops/sec

Run 30 / 50
  sample metrics on event 42 (t=0): int=4200 dbl=0
[VERIFY] ALL 1000000 ENTRIES STRUCTURALLY PERFECT — UNIQUE PAIRS, FULL COVERAGE
PASS —   435018 µs →   2298755 ops/sec

Run 31 / 50
  sample metrics on event 42 (t=0): int=4200 dbl=0
[VERIFY] ALL 1000000 ENTRIES STRUCTURALLY PERFECT — UNIQUE PAIRS, FULL COVERAGE
PASS —   435497 µs →   2296227 ops/sec

Run 32 / 50
  sample metrics on event 42 (t=0): int=4200 dbl=0
[VERIFY] ALL 1000000 ENTRIES STRUCTURALLY PERFECT — UNIQUE PAIRS, FULL COVERAGE
PASS —   436823 µs →   2289257 ops/sec

Run 33 / 50
  sample metrics on event 42 (t=0): int=4200 dbl=0
[VERIFY] ALL 1000000 ENTRIES STRUCTURALLY PERFECT — UNIQUE PAIRS, FULL COVERAGE
PASS —   432854 µs →   2310248 ops/sec

Run 34 / 50
  sample metrics on event 42 (t=0): int=4200 dbl=0
[VERIFY] ALL 1000000 ENTRIES STRUCTURALLY PERFECT — UNIQUE PAIRS, FULL COVERAGE
PASS —   429573 µs →   2327893 ops/sec

Run 35 / 50
  sample metrics on event 42 (t=0): int=4200 dbl=0
[VERIFY] ALL 1000000 ENTRIES STRUCTURALLY PERFECT — UNIQUE PAIRS, FULL COVERAGE
PASS —   426459 µs →   2344891 ops/sec

Run 36 / 50
  sample metrics on event 42 (t=0): int=4200 dbl=0
[VERIFY] ALL 1000000 ENTRIES STRUCTURALLY PERFECT — UNIQUE PAIRS, FULL COVERAGE
PASS —   430520 µs →   2322772 ops/sec

Run 37 / 50
  sample metrics on event 42 (t=0): int=4200 dbl=0
[VERIFY] ALL 1000000 ENTRIES STRUCTURALLY PERFECT — UNIQUE PAIRS, FULL COVERAGE
PASS —   431796 µs →   2315908 ops/sec

Run 38 / 50
  sample metrics on event 42 (t=0): int=4200 dbl=0
[VERIFY] ALL 1000000 ENTRIES STRUCTURALLY PERFECT — UNIQUE PAIRS, FULL COVERAGE
PASS —   429452 µs →   2328549 ops/sec

Run 39 / 50
  sample metrics on event 42 (t=0): int=4200 dbl=0
[VERIFY] ALL 1000000 ENTRIES STRUCTURALLY PERFECT — UNIQUE PAIRS, FULL COVERAGE
PASS —   431526 µs →   2317357 ops/sec

Run 40 / 50
  sample metrics on event 42 (t=0): int=4200 dbl=0
[VERIFY] ALL 1000000 ENTRIES STRUCTURALLY PERFECT — UNIQUE PAIRS, FULL COVERAGE
PASS —   427657 µs →   2338323 ops/sec

Run 41 / 50
  sample metrics on event 42 (t=0): int=4200 dbl=0
[VERIFY] ALL 1000000 ENTRIES STRUCTURALLY PERFECT — UNIQUE PAIRS, FULL COVERAGE
PASS —   430014 µs →   2325506 ops/sec

Run 42 / 50
  sample metrics on event 42 (t=0): int=4200 dbl=0
[VERIFY] ALL 1000000 ENTRIES STRUCTURALLY PERFECT — UNIQUE PAIRS, FULL COVERAGE
PASS —   435027 µs →   2298708 ops/sec

Run 43 / 50
  sample metrics on event 42 (t=0): int=4200 dbl=0
[VERIFY] ALL 1000000 ENTRIES STRUCTURALLY PERFECT — UNIQUE PAIRS, FULL COVERAGE
PASS —   435397 µs →   2296754 ops/sec

Run 44 / 50
  sample metrics on event 42 (t=0): int=4200 dbl=0
[VERIFY] ALL 1000000 ENTRIES STRUCTURALLY PERFECT — UNIQUE PAIRS, FULL COVERAGE
PASS —   439816 µs →   2273678 ops/sec

Run 45 / 50
  sample metrics on event 42 (t=0): int=4200 dbl=0
[VERIFY] ALL 1000000 ENTRIES STRUCTURALLY PERFECT — UNIQUE PAIRS, FULL COVERAGE
PASS —   426496 µs →   2344688 ops/sec

Run 46 / 50
  sample metrics on event 42 (t=0): int=4200 dbl=0
[VERIFY] ALL 1000000 ENTRIES STRUCTURALLY PERFECT — UNIQUE PAIRS, FULL COVERAGE
PASS —   430910 µs →   2320670 ops/sec

Run 47 / 50
  sample metrics on event 42 (t=0): int=4200 dbl=0
[VERIFY] ALL 1000000 ENTRIES STRUCTURALLY PERFECT — UNIQUE PAIRS, FULL COVERAGE
PASS —   428548 µs →   2333461 ops/sec

Run 48 / 50
  sample metrics on event 42 (t=0): int=4200 dbl=0
[VERIFY] ALL 1000000 ENTRIES STRUCTURALLY PERFECT — UNIQUE PAIRS, FULL COVERAGE
PASS —   438927 µs →   2278283 ops/sec

Run 49 / 50
  sample metrics on event 42 (t=0): int=4200 dbl=0
[VERIFY] ALL 1000000 ENTRIES STRUCTURALLY PERFECT — UNIQUE PAIRS, FULL COVERAGE
PASS —   432352 µs →   2312930 ops/sec

Run 50 / 50
  sample metrics on event 42 (t=0): int=4200 dbl=0
[VERIFY] ALL 1000000 ENTRIES STRUCTURALLY PERFECT — UNIQUE PAIRS, FULL COVERAGE
PASS —   427765 µs →   2337732 ops/sec


═══════════════════════════════════════════════════════════════
               FINAL RESULT — 50-RUN STATISTICS            
═══════════════════════════════════════════════════════════════
  Fastest run        :    378649 µs  →    2640968 ops/sec
  Slowest run        :    444119 µs  →    2251649 ops/sec
  Average            :    433608 µs  →    2306231 ops/sec
  (1000000 events per run, 100% verified, zero corruption)
═══════════════════════════════════════════════════════════════
=== TEST PASSED BY RUNNER ===
