=== ts_store — Simple Test 001 TS -- Equivalent to MultiThread Hello World  ===

[VERIFY] ALL 64 ENTRIES STRUCTURALLY PERFECT — UNIQUE PAIRS, FULL COVERAGE
[TEST-VERIFY] TEST PAYLOADS VALID  ID:0  Thread_ID:3  Event_ID:0 
                  Actual   Len(26): Not Set, default payload 😎
                  Expected Len(26): Not Set, default payload 😎
[TEST-VERIFY] TEST PAYLOADS VALID  ID:1  Thread_ID:3  Event_ID:1 
                  Actual   Len(26): Trace processing request 😎
                  Expected Len(26): Trace processing request 😎
[TEST-VERIFY] TEST PAYLOADS VALID  ID:2  Thread_ID:3  Event_ID:2 
                  Actual   Len(26): Debug processing request 😎
                  Expected Len(26): Debug processing request 😎
[TEST-VERIFY] TEST PAYLOADS VALID  ID:3  Thread_ID:3  Event_ID:3 
                  Actual   Len(25): Info processing request 😊
                  Expected Len(25): Info processing request 😊
[TEST-VERIFY] TEST PAYLOADS VALID  ID:4  Thread_ID:3  Event_ID:4 
                  Actual   Len(36): Warning in processing notification 😕
                  Expected Len(36): Warning in processing notification 😕
[TEST-VERIFY] TEST PAYLOADS VALID  ID:5  Thread_ID:3  Event_ID:5 
                  Actual   Len(34): Error in processing notification 😣
                  Expected Len(34): Error in processing notification 😣
[TEST-VERIFY] TEST PAYLOADS VALID  ID:6  Thread_ID:3  Event_ID:6 
                  Actual   Len(29): Critical processing request 😣
                  Expected Len(29): Critical processing request 😣
[TEST-VERIFY] TEST PAYLOADS VALID  ID:7  Thread_ID:3  Event_ID:7 
                  Actual   Len(40): Fatal error in processing notification 💀
                  Expected Len(40): Fatal error in processing notification 💀
[TEST-VERIFY] TEST PAYLOADS VALID  ID:8  Thread_ID:1  Event_ID:0 
                  Actual   Len(26): Not Set, default payload 😎
                  Expected Len(26): Not Set, default payload 😎
[TEST-VERIFY] TEST PAYLOADS VALID  ID:9  Thread_ID:1  Event_ID:1 
                  Actual   Len(26): Trace processing request 😎
                  Expected Len(26): Trace processing request 😎
[TEST-VERIFY] TEST PAYLOADS VALID  ID:10  Thread_ID:1  Event_ID:2 
                  Actual   Len(26): Debug processing request 😎
                  Expected Len(26): Debug processing request 😎
[TEST-VERIFY] TEST PAYLOADS VALID  ID:11  Thread_ID:1  Event_ID:3 
                  Actual   Len(25): Info processing request 😊
                  Expected Len(25): Info processing request 😊
[TEST-VERIFY] TEST PAYLOADS VALID  ID:12  Thread_ID:1  Event_ID:4 
                  Actual   Len(36): Warning in processing notification 😕
                  Expected Len(36): Warning in processing notification 😕
[TEST-VERIFY] TEST PAYLOADS VALID  ID:13  Thread_ID:1  Event_ID:5 
                  Actual   Len(34): Error in processing notification 😣
                  Expected Len(34): Error in processing notification 😣
[TEST-VERIFY] TEST PAYLOADS VALID  ID:14  Thread_ID:1  Event_ID:6 
                  Actual   Len(29): Critical processing request 😣
                  Expected Len(29): Critical processing request 😣
[TEST-VERIFY] TEST PAYLOADS VALID  ID:15  Thread_ID:1  Event_ID:7 
                  Actual   Len(40): Fatal error in processing notification 💀
                  Expected Len(40): Fatal error in processing notification 💀
[TEST-VERIFY] TEST PAYLOADS VALID  ID:16  Thread_ID:2  Event_ID:0 
                  Actual   Len(26): Not Set, default payload 😎
                  Expected Len(26): Not Set, default payload 😎
[TEST-VERIFY] TEST PAYLOADS VALID  ID:17  Thread_ID:0  Event_ID:0 
                  Actual   Len(26): Not Set, default payload 😎
                  Expected Len(26): Not Set, default payload 😎
[TEST-VERIFY] TEST PAYLOADS VALID  ID:18  Thread_ID:2  Event_ID:1 
                  Actual   Len(26): Trace processing request 😎
                  Expected Len(26): Trace processing request 😎
[TEST-VERIFY] TEST PAYLOADS VALID  ID:19  Thread_ID:2  Event_ID:2 
                  Actual   Len(26): Debug processing request 😎
                  Expected Len(26): Debug processing request 😎
[TEST-VERIFY] TEST PAYLOADS VALID  ID:20  Thread_ID:2  Event_ID:3 
                  Actual   Len(25): Info processing request 😊
                  Expected Len(25): Info processing request 😊
[TEST-VERIFY] TEST PAYLOADS VALID  ID:21  Thread_ID:0  Event_ID:1 
                  Actual   Len(26): Trace processing request 😎
                  Expected Len(26): Trace processing request 😎
[TEST-VERIFY] TEST PAYLOADS VALID  ID:22  Thread_ID:2  Event_ID:4 
                  Actual   Len(36): Warning in processing notification 😕
                  Expected Len(36): Warning in processing notification 😕
[TEST-VERIFY] TEST PAYLOADS VALID  ID:23  Thread_ID:2  Event_ID:5 
                  Actual   Len(34): Error in processing notification 😣
                  Expected Len(34): Error in processing notification 😣
[TEST-VERIFY] TEST PAYLOADS VALID  ID:24  Thread_ID:0  Event_ID:2 
                  Actual   Len(26): Debug processing request 😎
                  Expected Len(26): Debug processing request 😎
[TEST-VERIFY] TEST PAYLOADS VALID  ID:25  Thread_ID:2  Event_ID:6 
                  Actual   Len(29): Critical processing request 😣
                  Expected Len(29): Critical processing request 😣
[TEST-VERIFY] TEST PAYLOADS VALID  ID:26  Thread_ID:0  Event_ID:3 
                  Actual   Len(25): Info processing request 😊
                  Expected Len(25): Info processing request 😊
[TEST-VERIFY] TEST PAYLOADS VALID  ID:27  Thread_ID:2  Event_ID:7 
                  Actual   Len(40): Fatal error in processing notification 💀
                  Expected Len(40): Fatal error in processing notification 💀
[TEST-VERIFY] TEST PAYLOADS VALID  ID:28  Thread_ID:0  Event_ID:4 
                  Actual   Len(36): Warning in processing notification 😕
                  Expected Len(36): Warning in processing notification 😕
[TEST-VERIFY] TEST PAYLOADS VALID  ID:29  Thread_ID:0  Event_ID:5 
                  Actual   Len(34): Error in processing notification 😣
                  Expected Len(34): Error in processing notification 😣
[TEST-VERIFY] TEST PAYLOADS VALID  ID:30  Thread_ID:0  Event_ID:6 
                  Actual   Len(29): Critical processing request 😣
                  Expected Len(29): Critical processing request 😣
[TEST-VERIFY] TEST PAYLOADS VALID  ID:31  Thread_ID:0  Event_ID:7 
                  Actual   Len(40): Fatal error in processing notification 💀
                  Expected Len(40): Fatal error in processing notification 💀
[TEST-VERIFY] TEST PAYLOADS VALID  ID:32  Thread_ID:6  Event_ID:0 
                  Actual   Len(26): Not Set, default payload 😎
                  Expected Len(26): Not Set, default payload 😎
[TEST-VERIFY] TEST PAYLOADS VALID  ID:33  Thread_ID:6  Event_ID:1 
                  Actual   Len(26): Trace processing request 😎
                  Expected Len(26): Trace processing request 😎
[TEST-VERIFY] TEST PAYLOADS VALID  ID:34  Thread_ID:4  Event_ID:0 
                  Actual   Len(26): Not Set, default payload 😎
                  Expected Len(26): Not Set, default payload 😎
[TEST-VERIFY] TEST PAYLOADS VALID  ID:35  Thread_ID:6  Event_ID:2 
                  Actual   Len(26): Debug processing request 😎
                  Expected Len(26): Debug processing request 😎
[TEST-VERIFY] TEST PAYLOADS VALID  ID:36  Thread_ID:5  Event_ID:0 
                  Actual   Len(26): Not Set, default payload 😎
                  Expected Len(26): Not Set, default payload 😎
[TEST-VERIFY] TEST PAYLOADS VALID  ID:37  Thread_ID:6  Event_ID:3 
                  Actual   Len(25): Info processing request 😊
                  Expected Len(25): Info processing request 😊
[TEST-VERIFY] TEST PAYLOADS VALID  ID:38  Thread_ID:6  Event_ID:4 
                  Actual   Len(36): Warning in processing notification 😕
                  Expected Len(36): Warning in processing notification 😕
[TEST-VERIFY] TEST PAYLOADS VALID  ID:39  Thread_ID:7  Event_ID:0 
                  Actual   Len(26): Not Set, default payload 😎
                  Expected Len(26): Not Set, default payload 😎
[TEST-VERIFY] TEST PAYLOADS VALID  ID:40  Thread_ID:6  Event_ID:5 
                  Actual   Len(34): Error in processing notification 😣
                  Expected Len(34): Error in processing notification 😣
[TEST-VERIFY] TEST PAYLOADS VALID  ID:41  Thread_ID:4  Event_ID:1 
                  Actual   Len(26): Trace processing request 😎
                  Expected Len(26): Trace processing request 😎
[TEST-VERIFY] TEST PAYLOADS VALID  ID:42  Thread_ID:6  Event_ID:6 
                  Actual   Len(29): Critical processing request 😣
                  Expected Len(29): Critical processing request 😣
[TEST-VERIFY] TEST PAYLOADS VALID  ID:43  Thread_ID:5  Event_ID:1 
                  Actual   Len(26): Trace processing request 😎
                  Expected Len(26): Trace processing request 😎
[TEST-VERIFY] TEST PAYLOADS VALID  ID:44  Thread_ID:4  Event_ID:2 
                  Actual   Len(26): Debug processing request 😎
                  Expected Len(26): Debug processing request 😎
[TEST-VERIFY] TEST PAYLOADS VALID  ID:45  Thread_ID:6  Event_ID:7 
                  Actual   Len(40): Fatal error in processing notification 💀
                  Expected Len(40): Fatal error in processing notification 💀
[TEST-VERIFY] TEST PAYLOADS VALID  ID:46  Thread_ID:5  Event_ID:2 
                  Actual   Len(26): Debug processing request 😎
                  Expected Len(26): Debug processing request 😎
[TEST-VERIFY] TEST PAYLOADS VALID  ID:47  Thread_ID:4  Event_ID:3 
                  Actual   Len(25): Info processing request 😊
                  Expected Len(25): Info processing request 😊
[TEST-VERIFY] TEST PAYLOADS VALID  ID:48  Thread_ID:7  Event_ID:1 
                  Actual   Len(26): Trace processing request 😎
                  Expected Len(26): Trace processing request 😎
[TEST-VERIFY] TEST PAYLOADS VALID  ID:49  Thread_ID:5  Event_ID:3 
                  Actual   Len(25): Info processing request 😊
                  Expected Len(25): Info processing request 😊
[TEST-VERIFY] TEST PAYLOADS VALID  ID:50  Thread_ID:4  Event_ID:4 
                  Actual   Len(36): Warning in processing notification 😕
                  Expected Len(36): Warning in processing notification 😕
[TEST-VERIFY] TEST PAYLOADS VALID  ID:51  Thread_ID:7  Event_ID:2 
                  Actual   Len(26): Debug processing request 😎
                  Expected Len(26): Debug processing request 😎
[TEST-VERIFY] TEST PAYLOADS VALID  ID:52  Thread_ID:5  Event_ID:4 
                  Actual   Len(36): Warning in processing notification 😕
                  Expected Len(36): Warning in processing notification 😕
[TEST-VERIFY] TEST PAYLOADS VALID  ID:53  Thread_ID:4  Event_ID:5 
                  Actual   Len(34): Error in processing notification 😣
                  Expected Len(34): Error in processing notification 😣
[TEST-VERIFY] TEST PAYLOADS VALID  ID:54  Thread_ID:7  Event_ID:3 
                  Actual   Len(25): Info processing request 😊
                  Expected Len(25): Info processing request 😊
[TEST-VERIFY] TEST PAYLOADS VALID  ID:55  Thread_ID:5  Event_ID:5 
                  Actual   Len(34): Error in processing notification 😣
                  Expected Len(34): Error in processing notification 😣
[TEST-VERIFY] TEST PAYLOADS VALID  ID:56  Thread_ID:4  Event_ID:6 
                  Actual   Len(29): Critical processing request 😣
                  Expected Len(29): Critical processing request 😣
[TEST-VERIFY] TEST PAYLOADS VALID  ID:57  Thread_ID:7  Event_ID:4 
                  Actual   Len(36): Warning in processing notification 😕
                  Expected Len(36): Warning in processing notification 😕
[TEST-VERIFY] TEST PAYLOADS VALID  ID:58  Thread_ID:7  Event_ID:5 
                  Actual   Len(34): Error in processing notification 😣
                  Expected Len(34): Error in processing notification 😣
[TEST-VERIFY] TEST PAYLOADS VALID  ID:59  Thread_ID:5  Event_ID:6 
                  Actual   Len(29): Critical processing request 😣
                  Expected Len(29): Critical processing request 😣
[TEST-VERIFY] TEST PAYLOADS VALID  ID:60  Thread_ID:4  Event_ID:7 
                  Actual   Len(40): Fatal error in processing notification 💀
                  Expected Len(40): Fatal error in processing notification 💀
[TEST-VERIFY] TEST PAYLOADS VALID  ID:61  Thread_ID:7  Event_ID:6 
                  Actual   Len(29): Critical processing request 😣
                  Expected Len(29): Critical processing request 😣
[TEST-VERIFY] TEST PAYLOADS VALID  ID:62  Thread_ID:5  Event_ID:7 
                  Actual   Len(40): Fatal error in processing notification 💀
                  Expected Len(40): Fatal error in processing notification 💀
[TEST-VERIFY] TEST PAYLOADS VALID  ID:63  Thread_ID:7  Event_ID:7 
                  Actual   Len(40): Fatal error in processing notification 💀
                  Expected Len(40): Fatal error in processing notification 💀
PRODUCTION SIMULATION PASSED — 100% clean
ts_store <
   Threads    = 8
   Events     = 8
   ValueT     = std::string(max len=43)
   Time Stamp = On>
=========================================================================================================================
 ID            TIME (µs)   SEVERITY   CATEGORY............   Thread   Event   PAYLOAD....................................   
  0                  159   Not Set.   SYS.................        3       0   Not Set, default payload 😎..............   FLAGS: LogConsole, KeeperRecord, HotCacheHint, HasData | Severity: Not Set 
  1                  161   Trace...   SYS.................        3       1   Trace processing request 😎..............   FLAGS: LogConsole, KeeperRecord, HotCacheHint, HasData | Severity: Trace 
  2                  162   Debug...   SYS.................        3       2   Debug processing request 😎..............   FLAGS: LogConsole, KeeperRecord, HotCacheHint, HasData | Severity: Debug 
  3                  162   Info....   SYS.................        3       3   Info processing request 😊...............   FLAGS: LogConsole, KeeperRecord, HotCacheHint, HasData | Severity: Info 
  4                  162   Warn....   SYS.................        3       4   Warning in processing notification 😕....   FLAGS: LogConsole, KeeperRecord, HotCacheHint, HasData | Severity: Warn 
  5                  163   Error...   SYS.................        3       5   Error in processing notification 😣......   FLAGS: LogConsole, KeeperRecord, HotCacheHint, HasData | Severity: Error 
  6                  163   Critical   SYS.................        3       6   Critical processing request 😣...........   FLAGS: LogConsole, KeeperRecord, HotCacheHint, HasData | Severity: Critical 
  7                  163   Fatal...   SYS.................        3       7   Fatal error in processing notification 💀   FLAGS: LogConsole, KeeperRecord, HotCacheHint, HasData | Severity: Fatal 
  8                  166   Not Set.   DB..................        1       0   Not Set, default payload 😎..............   FLAGS: LogConsole, KeeperRecord, HotCacheHint, HasData | Severity: Not Set 
  9                  167   Trace...   DB..................        1       1   Trace processing request 😎..............   FLAGS: LogConsole, KeeperRecord, HotCacheHint, HasData | Severity: Trace 
 10                  167   Debug...   DB..................        1       2   Debug processing request 😎..............   FLAGS: LogConsole, KeeperRecord, HotCacheHint, HasData | Severity: Debug 
 11                  168   Info....   DB..................        1       3   Info processing request 😊...............   FLAGS: LogConsole, KeeperRecord, HotCacheHint, HasData | Severity: Info 
 12                  168   Warn....   DB..................        1       4   Warning in processing notification 😕....   FLAGS: LogConsole, KeeperRecord, HotCacheHint, HasData | Severity: Warn 
 13                  168   Error...   DB..................        1       5   Error in processing notification 😣......   FLAGS: LogConsole, KeeperRecord, HotCacheHint, HasData | Severity: Error 
 14                  169   Critical   DB..................        1       6   Critical processing request 😣...........   FLAGS: LogConsole, KeeperRecord, HotCacheHint, HasData | Severity: Critical 
 15                  169   Fatal...   DB..................        1       7   Fatal error in processing notification 💀   FLAGS: LogConsole, KeeperRecord, HotCacheHint, HasData | Severity: Fatal 
 16                  189   Not Set.   UI..................        2       0   Not Set, default payload 😎..............   FLAGS: LogConsole, KeeperRecord, HotCacheHint, HasData | Severity: Not Set 
 17                  190   Not Set.   NET.................        0       0   Not Set, default payload 😎..............   FLAGS: LogConsole, KeeperRecord, HotCacheHint, HasData | Severity: Not Set 
 18                  190   Trace...   UI..................        2       1   Trace processing request 😎..............   FLAGS: LogConsole, KeeperRecord, HotCacheHint, HasData | Severity: Trace 
 19                  191   Debug...   UI..................        2       2   Debug processing request 😎..............   FLAGS: LogConsole, KeeperRecord, HotCacheHint, HasData | Severity: Debug 
 20                  191   Info....   UI..................        2       3   Info processing request 😊...............   FLAGS: LogConsole, KeeperRecord, HotCacheHint, HasData | Severity: Info 
 21                  191   Trace...   NET.................        0       1   Trace processing request 😎..............   FLAGS: LogConsole, KeeperRecord, HotCacheHint, HasData | Severity: Trace 
 22                  191   Warn....   UI..................        2       4   Warning in processing notification 😕....   FLAGS: LogConsole, KeeperRecord, HotCacheHint, HasData | Severity: Warn 
 23                  192   Error...   UI..................        2       5   Error in processing notification 😣......   FLAGS: LogConsole, KeeperRecord, HotCacheHint, HasData | Severity: Error 
 24                  192   Debug...   NET.................        0       2   Debug processing request 😎..............   FLAGS: LogConsole, KeeperRecord, HotCacheHint, HasData | Severity: Debug 
 25                  192   Critical   UI..................        2       6   Critical processing request 😣...........   FLAGS: LogConsole, KeeperRecord, HotCacheHint, HasData | Severity: Critical 
 26                  192   Info....   NET.................        0       3   Info processing request 😊...............   FLAGS: LogConsole, KeeperRecord, HotCacheHint, HasData | Severity: Info 
 27                  192   Fatal...   UI..................        2       7   Fatal error in processing notification 💀   FLAGS: LogConsole, KeeperRecord, HotCacheHint, HasData | Severity: Fatal 
 28                  192   Warn....   NET.................        0       4   Warning in processing notification 😕....   FLAGS: LogConsole, KeeperRecord, HotCacheHint, HasData | Severity: Warn 
 29                  193   Error...   NET.................        0       5   Error in processing notification 😣......   FLAGS: LogConsole, KeeperRecord, HotCacheHint, HasData | Severity: Error 
 30                  193   Critical   NET.................        0       6   Critical processing request 😣...........   FLAGS: LogConsole, KeeperRecord, HotCacheHint, HasData | Severity: Critical 
 31                  193   Fatal...   NET.................        0       7   Fatal error in processing notification 💀   FLAGS: LogConsole, KeeperRecord, HotCacheHint, HasData | Severity: Fatal 
 32                  362   Not Set.   DB..................        6       0   Not Set, default payload 😎..............   FLAGS: LogConsole, KeeperRecord, HotCacheHint, HasData | Severity: Not Set 
 33                  363   Trace...   DB..................        6       1   Trace processing request 😎..............   FLAGS: LogConsole, KeeperRecord, HotCacheHint, HasData | Severity: Trace 
 34                  363   Not Set.   GFX.................        4       0   Not Set, default payload 😎..............   FLAGS: LogConsole, KeeperRecord, HotCacheHint, HasData | Severity: Not Set 
 35                  363   Debug...   DB..................        6       2   Debug processing request 😎..............   FLAGS: LogConsole, KeeperRecord, HotCacheHint, HasData | Severity: Debug 
 36                  364   Not Set.   NET.................        5       0   Not Set, default payload 😎..............   FLAGS: LogConsole, KeeperRecord, HotCacheHint, HasData | Severity: Not Set 
 37                  363   Info....   DB..................        6       3   Info processing request 😊...............   FLAGS: LogConsole, KeeperRecord, HotCacheHint, HasData | Severity: Info 
 38                  364   Warn....   DB..................        6       4   Warning in processing notification 😕....   FLAGS: LogConsole, KeeperRecord, HotCacheHint, HasData | Severity: Warn 
 39                  364   Not Set.   UI..................        7       0   Not Set, default payload 😎..............   FLAGS: LogConsole, KeeperRecord, HotCacheHint, HasData | Severity: Not Set 
 40                  364   Error...   DB..................        6       5   Error in processing notification 😣......   FLAGS: LogConsole, KeeperRecord, HotCacheHint, HasData | Severity: Error 
 41                  364   Trace...   GFX.................        4       1   Trace processing request 😎..............   FLAGS: LogConsole, KeeperRecord, HotCacheHint, HasData | Severity: Trace 
 42                  365   Critical   DB..................        6       6   Critical processing request 😣...........   FLAGS: LogConsole, KeeperRecord, HotCacheHint, HasData | Severity: Critical 
 43                  365   Trace...   NET.................        5       1   Trace processing request 😎..............   FLAGS: LogConsole, KeeperRecord, HotCacheHint, HasData | Severity: Trace 
 44                  365   Debug...   GFX.................        4       2   Debug processing request 😎..............   FLAGS: LogConsole, KeeperRecord, HotCacheHint, HasData | Severity: Debug 
 45                  365   Fatal...   DB..................        6       7   Fatal error in processing notification 💀   FLAGS: LogConsole, KeeperRecord, HotCacheHint, HasData | Severity: Fatal 
 46                  365   Debug...   NET.................        5       2   Debug processing request 😎..............   FLAGS: LogConsole, KeeperRecord, HotCacheHint, HasData | Severity: Debug 
 47                  365   Info....   GFX.................        4       3   Info processing request 😊...............   FLAGS: LogConsole, KeeperRecord, HotCacheHint, HasData | Severity: Info 
 48                  365   Trace...   UI..................        7       1   Trace processing request 😎..............   FLAGS: LogConsole, KeeperRecord, HotCacheHint, HasData | Severity: Trace 
 49                  366   Info....   NET.................        5       3   Info processing request 😊...............   FLAGS: LogConsole, KeeperRecord, HotCacheHint, HasData | Severity: Info 
 50                  366   Warn....   GFX.................        4       4   Warning in processing notification 😕....   FLAGS: LogConsole, KeeperRecord, HotCacheHint, HasData | Severity: Warn 
 51                  366   Debug...   UI..................        7       2   Debug processing request 😎..............   FLAGS: LogConsole, KeeperRecord, HotCacheHint, HasData | Severity: Debug 
 52                  366   Warn....   NET.................        5       4   Warning in processing notification 😕....   FLAGS: LogConsole, KeeperRecord, HotCacheHint, HasData | Severity: Warn 
 53                  366   Error...   GFX.................        4       5   Error in processing notification 😣......   FLAGS: LogConsole, KeeperRecord, HotCacheHint, HasData | Severity: Error 
 54                  366   Info....   UI..................        7       3   Info processing request 😊...............   FLAGS: LogConsole, KeeperRecord, HotCacheHint, HasData | Severity: Info 
 55                  367   Error...   NET.................        5       5   Error in processing notification 😣......   FLAGS: LogConsole, KeeperRecord, HotCacheHint, HasData | Severity: Error 
 56                  367   Critical   GFX.................        4       6   Critical processing request 😣...........   FLAGS: LogConsole, KeeperRecord, HotCacheHint, HasData | Severity: Critical 
 57                  367   Warn....   UI..................        7       4   Warning in processing notification 😕....   FLAGS: LogConsole, KeeperRecord, HotCacheHint, HasData | Severity: Warn 
 58                  367   Error...   UI..................        7       5   Error in processing notification 😣......   FLAGS: LogConsole, KeeperRecord, HotCacheHint, HasData | Severity: Error 
 59                  367   Critical   NET.................        5       6   Critical processing request 😣...........   FLAGS: LogConsole, KeeperRecord, HotCacheHint, HasData | Severity: Critical 
 60                  367   Fatal...   GFX.................        4       7   Fatal error in processing notification 💀   FLAGS: LogConsole, KeeperRecord, HotCacheHint, HasData | Severity: Fatal 
 61                  367   Critical   UI..................        7       6   Critical processing request 😣...........   FLAGS: LogConsole, KeeperRecord, HotCacheHint, HasData | Severity: Critical 
 62                  367   Fatal...   NET.................        5       7   Fatal error in processing notification 💀   FLAGS: LogConsole, KeeperRecord, HotCacheHint, HasData | Severity: Fatal 
 63                  368   Fatal...   UI..................        7       7   Fatal error in processing notification 💀   FLAGS: LogConsole, KeeperRecord, HotCacheHint, HasData | Severity: Fatal 
=========================================================================================================================
Note: Output is zero-indexed → last printed entry is ID 63. Expected last ID = 63.
Total entries stored: 64 (expected: 64)

=== ALL TESTS COMPLETED SUCCESSFULLY ===
=== TEST PASSED BY RUNNER ===
