=== FINAL MASSIVE TEST — 1000000 entries × 50 runs ===
Using store.clear() — fastest, most realistic reuse

Run  1 / 50
  sample metrics on event 42 (t=0): int=4200 dbl=0.42
[VERIFY] ALL 1000000 ENTRIES STRUCTURALLY PERFECT — UNIQUE PAIRS, FULL COVERAGE
PASS —   368837 µs →   2711225 ops/sec

Run  2 / 50
  sample metrics on event 42 (t=0): int=4200 dbl=0
[VERIFY] ALL 1000000 ENTRIES STRUCTURALLY PERFECT — UNIQUE PAIRS, FULL COVERAGE
PASS —   413270 µs →   2419726 ops/sec

Run  3 / 50
  sample metrics on event 42 (t=0): int=4200 dbl=0
[VERIFY] ALL 1000000 ENTRIES STRUCTURALLY PERFECT — UNIQUE PAIRS, FULL COVERAGE
PASS —   426199 µs →   2346322 ops/sec

Run  4 / 50
  sample metrics on event 42 (t=0): int=4200 dbl=0
[VERIFY] ALL 1000000 ENTRIES STRUCTURALLY PERFECT — UNIQUE PAIRS, FULL COVERAGE
PASS —   426267 µs →   2345947 ops/sec

Run  5 / 50
  sample metrics on event 42 (t=0): int=4200 dbl=0
[VERIFY] ALL 1000000 ENTRIES STRUCTURALLY PERFECT — UNIQUE PAIRS, FULL COVERAGE
PASS —   425389 µs →   2350790 ops/sec

Run  6 / 50
  sample metrics on event 42 (t=0): int=4200 dbl=0
[VERIFY] ALL 1000000 ENTRIES STRUCTURALLY PERFECT — UNIQUE PAIRS, FULL COVERAGE
PASS —   431059 µs →   2319868 ops/sec

Run  7 / 50
  sample metrics on event 42 (t=0): int=4200 dbl=0
[VERIFY] ALL 1000000 ENTRIES STRUCTURALLY PERFECT — UNIQUE PAIRS, FULL COVERAGE
PASS —   424401 µs →   2356262 ops/sec

Run  8 / 50
  sample metrics on event 42 (t=0): int=4200 dbl=0
[VERIFY] ALL 1000000 ENTRIES STRUCTURALLY PERFECT — UNIQUE PAIRS, FULL COVERAGE
PASS —   422636 µs →   2366102 ops/sec

Run  9 / 50
  sample metrics on event 42 (t=0): int=4200 dbl=0
[VERIFY] ALL 1000000 ENTRIES STRUCTURALLY PERFECT — UNIQUE PAIRS, FULL COVERAGE
PASS —   427805 µs →   2337514 ops/sec

Run 10 / 50
  sample metrics on event 42 (t=0): int=4200 dbl=0
[VERIFY] ALL 1000000 ENTRIES STRUCTURALLY PERFECT — UNIQUE PAIRS, FULL COVERAGE
PASS —   425743 µs →   2348835 ops/sec

Run 11 / 50
  sample metrics on event 42 (t=0): int=4200 dbl=0
[VERIFY] ALL 1000000 ENTRIES STRUCTURALLY PERFECT — UNIQUE PAIRS, FULL COVERAGE
PASS —   433275 µs →   2308003 ops/sec

Run 12 / 50
  sample metrics on event 42 (t=0): int=4200 dbl=0
[VERIFY] ALL 1000000 ENTRIES STRUCTURALLY PERFECT — UNIQUE PAIRS, FULL COVERAGE
PASS —   424354 µs →   2356523 ops/sec

Run 13 / 50
  sample metrics on event 42 (t=0): int=4200 dbl=0
[VERIFY] ALL 1000000 ENTRIES STRUCTURALLY PERFECT — UNIQUE PAIRS, FULL COVERAGE
PASS —   423595 µs →   2360746 ops/sec

Run 14 / 50
  sample metrics on event 42 (t=0): int=4200 dbl=0
[VERIFY] ALL 1000000 ENTRIES STRUCTURALLY PERFECT — UNIQUE PAIRS, FULL COVERAGE
PASS —   426252 µs →   2346030 ops/sec

Run 15 / 50
  sample metrics on event 42 (t=0): int=4200 dbl=0
[VERIFY] ALL 1000000 ENTRIES STRUCTURALLY PERFECT — UNIQUE PAIRS, FULL COVERAGE
PASS —   443267 µs →   2255977 ops/sec

Run 16 / 50
  sample metrics on event 42 (t=0): int=4200 dbl=0
[VERIFY] ALL 1000000 ENTRIES STRUCTURALLY PERFECT — UNIQUE PAIRS, FULL COVERAGE
PASS —   428862 µs →   2331752 ops/sec

Run 17 / 50
  sample metrics on event 42 (t=0): int=4200 dbl=0
[VERIFY] ALL 1000000 ENTRIES STRUCTURALLY PERFECT — UNIQUE PAIRS, FULL COVERAGE
PASS —   438773 µs →   2279083 ops/sec

Run 18 / 50
  sample metrics on event 42 (t=0): int=4200 dbl=0
[VERIFY] ALL 1000000 ENTRIES STRUCTURALLY PERFECT — UNIQUE PAIRS, FULL COVERAGE
PASS —   436420 µs →   2291371 ops/sec

Run 19 / 50
  sample metrics on event 42 (t=0): int=4200 dbl=0
[VERIFY] ALL 1000000 ENTRIES STRUCTURALLY PERFECT — UNIQUE PAIRS, FULL COVERAGE
PASS —   439872 µs →   2273389 ops/sec

Run 20 / 50
  sample metrics on event 42 (t=0): int=4200 dbl=0
[VERIFY] ALL 1000000 ENTRIES STRUCTURALLY PERFECT — UNIQUE PAIRS, FULL COVERAGE
PASS —   434536 µs →   2301305 ops/sec

Run 21 / 50
  sample metrics on event 42 (t=0): int=4200 dbl=0
[VERIFY] ALL 1000000 ENTRIES STRUCTURALLY PERFECT — UNIQUE PAIRS, FULL COVERAGE
PASS —   433550 µs →   2306539 ops/sec

Run 22 / 50
  sample metrics on event 42 (t=0): int=4200 dbl=0
[VERIFY] ALL 1000000 ENTRIES STRUCTURALLY PERFECT — UNIQUE PAIRS, FULL COVERAGE
PASS —   423659 µs →   2360389 ops/sec

Run 23 / 50
  sample metrics on event 42 (t=0): int=4200 dbl=0
[VERIFY] ALL 1000000 ENTRIES STRUCTURALLY PERFECT — UNIQUE PAIRS, FULL COVERAGE
PASS —   427698 µs →   2338098 ops/sec

Run 24 / 50
  sample metrics on event 42 (t=0): int=4200 dbl=0
[VERIFY] ALL 1000000 ENTRIES STRUCTURALLY PERFECT — UNIQUE PAIRS, FULL COVERAGE
PASS —   426930 µs →   2342304 ops/sec

Run 25 / 50
  sample metrics on event 42 (t=0): int=4200 dbl=0
[VERIFY] ALL 1000000 ENTRIES STRUCTURALLY PERFECT — UNIQUE PAIRS, FULL COVERAGE
PASS —   430527 µs →   2322735 ops/sec

Run 26 / 50
  sample metrics on event 42 (t=0): int=4200 dbl=0
[VERIFY] ALL 1000000 ENTRIES STRUCTURALLY PERFECT — UNIQUE PAIRS, FULL COVERAGE
PASS —   428767 µs →   2332269 ops/sec

Run 27 / 50
  sample metrics on event 42 (t=0): int=4200 dbl=0
[VERIFY] ALL 1000000 ENTRIES STRUCTURALLY PERFECT — UNIQUE PAIRS, FULL COVERAGE
PASS —   427050 µs →   2341646 ops/sec

Run 28 / 50
  sample metrics on event 42 (t=0): int=4200 dbl=0
[VERIFY] ALL 1000000 ENTRIES STRUCTURALLY PERFECT — UNIQUE PAIRS, FULL COVERAGE
PASS —   425637 µs →   2349420 ops/sec

Run 29 / 50
  sample metrics on event 42 (t=0): int=4200 dbl=0
[VERIFY] ALL 1000000 ENTRIES STRUCTURALLY PERFECT — UNIQUE PAIRS, FULL COVERAGE
PASS —   425352 µs →   2350994 ops/sec

Run 30 / 50
  sample metrics on event 42 (t=0): int=4200 dbl=0
[VERIFY] ALL 1000000 ENTRIES STRUCTURALLY PERFECT — UNIQUE PAIRS, FULL COVERAGE
PASS —   429296 µs →   2329395 ops/sec

Run 31 / 50
  sample metrics on event 42 (t=0): int=4200 dbl=0
[VERIFY] ALL 1000000 ENTRIES STRUCTURALLY PERFECT — UNIQUE PAIRS, FULL COVERAGE
PASS —   421962 µs →   2369882 ops/sec

Run 32 / 50
  sample metrics on event 42 (t=0): int=4200 dbl=0
[VERIFY] ALL 1000000 ENTRIES STRUCTURALLY PERFECT — UNIQUE PAIRS, FULL COVERAGE
PASS —   425476 µs →   2350309 ops/sec

Run 33 / 50
  sample metrics on event 42 (t=0): int=4200 dbl=0
[VERIFY] ALL 1000000 ENTRIES STRUCTURALLY PERFECT — UNIQUE PAIRS, FULL COVERAGE
PASS —   420514 µs →   2378042 ops/sec

Run 34 / 50
  sample metrics on event 42 (t=0): int=4200 dbl=0
[VERIFY] ALL 1000000 ENTRIES STRUCTURALLY PERFECT — UNIQUE PAIRS, FULL COVERAGE
PASS —   427298 µs →   2340287 ops/sec

Run 35 / 50
  sample metrics on event 42 (t=0): int=4200 dbl=0
[VERIFY] ALL 1000000 ENTRIES STRUCTURALLY PERFECT — UNIQUE PAIRS, FULL COVERAGE
PASS —   429296 µs →   2329395 ops/sec

Run 36 / 50
  sample metrics on event 42 (t=0): int=4200 dbl=0
[VERIFY] ALL 1000000 ENTRIES STRUCTURALLY PERFECT — UNIQUE PAIRS, FULL COVERAGE
PASS —   427624 µs →   2338503 ops/sec

Run 37 / 50
  sample metrics on event 42 (t=0): int=4200 dbl=0
[VERIFY] ALL 1000000 ENTRIES STRUCTURALLY PERFECT — UNIQUE PAIRS, FULL COVERAGE
PASS —   425014 µs →   2352864 ops/sec

Run 38 / 50
  sample metrics on event 42 (t=0): int=4200 dbl=0
[VERIFY] ALL 1000000 ENTRIES STRUCTURALLY PERFECT — UNIQUE PAIRS, FULL COVERAGE
PASS —   425666 µs →   2349260 ops/sec

Run 39 / 50
  sample metrics on event 42 (t=0): int=4200 dbl=0
[VERIFY] ALL 1000000 ENTRIES STRUCTURALLY PERFECT — UNIQUE PAIRS, FULL COVERAGE
PASS —   430151 µs →   2324765 ops/sec

Run 40 / 50
  sample metrics on event 42 (t=0): int=4200 dbl=0
[VERIFY] ALL 1000000 ENTRIES STRUCTURALLY PERFECT — UNIQUE PAIRS, FULL COVERAGE
PASS —   427454 µs →   2339433 ops/sec

Run 41 / 50
  sample metrics on event 42 (t=0): int=4200 dbl=0
[VERIFY] ALL 1000000 ENTRIES STRUCTURALLY PERFECT — UNIQUE PAIRS, FULL COVERAGE
PASS —   422103 µs →   2369090 ops/sec

Run 42 / 50
  sample metrics on event 42 (t=0): int=4200 dbl=0
[VERIFY] ALL 1000000 ENTRIES STRUCTURALLY PERFECT — UNIQUE PAIRS, FULL COVERAGE
PASS —   423838 µs →   2359392 ops/sec

Run 43 / 50
  sample metrics on event 42 (t=0): int=4200 dbl=0
[VERIFY] ALL 1000000 ENTRIES STRUCTURALLY PERFECT — UNIQUE PAIRS, FULL COVERAGE
PASS —   424586 µs →   2355235 ops/sec

Run 44 / 50
  sample metrics on event 42 (t=0): int=4200 dbl=0
[VERIFY] ALL 1000000 ENTRIES STRUCTURALLY PERFECT — UNIQUE PAIRS, FULL COVERAGE
PASS —   423623 µs →   2360589 ops/sec

Run 45 / 50
  sample metrics on event 42 (t=0): int=4200 dbl=0
[VERIFY] ALL 1000000 ENTRIES STRUCTURALLY PERFECT — UNIQUE PAIRS, FULL COVERAGE
PASS —   430239 µs →   2324290 ops/sec

Run 46 / 50
  sample metrics on event 42 (t=0): int=4200 dbl=0
[VERIFY] ALL 1000000 ENTRIES STRUCTURALLY PERFECT — UNIQUE PAIRS, FULL COVERAGE
PASS —   425270 µs →   2351447 ops/sec

Run 47 / 50
  sample metrics on event 42 (t=0): int=4200 dbl=0
[VERIFY] ALL 1000000 ENTRIES STRUCTURALLY PERFECT — UNIQUE PAIRS, FULL COVERAGE
PASS —   420403 µs →   2378670 ops/sec

Run 48 / 50
  sample metrics on event 42 (t=0): int=4200 dbl=0
[VERIFY] ALL 1000000 ENTRIES STRUCTURALLY PERFECT — UNIQUE PAIRS, FULL COVERAGE
PASS —   430125 µs →   2324906 ops/sec

Run 49 / 50
  sample metrics on event 42 (t=0): int=4200 dbl=0
[VERIFY] ALL 1000000 ENTRIES STRUCTURALLY PERFECT — UNIQUE PAIRS, FULL COVERAGE
PASS —   442528 µs →   2259744 ops/sec

Run 50 / 50
  sample metrics on event 42 (t=0): int=4200 dbl=0
[VERIFY] ALL 1000000 ENTRIES STRUCTURALLY PERFECT — UNIQUE PAIRS, FULL COVERAGE
PASS —   434031 µs →   2303983 ops/sec


═══════════════════════════════════════════════════════════════
               FINAL RESULT — 50-RUN STATISTICS            
═══════════════════════════════════════════════════════════════
  Fastest run        :    368837 µs  →    2711225 ops/sec
  Slowest run        :    443267 µs  →    2255977 ops/sec
  Average            :    426730 µs  →    2343404 ops/sec
  (1000000 events per run, 100% verified, zero corruption)
═══════════════════════════════════════════════════════════════
=== TEST PASSED BY RUNNER ===
